running egg_info
creating ../../../../build/booster_teleop/booster_teleop.egg-info
writing ../../../../build/booster_teleop/booster_teleop.egg-info/PKG-INFO
writing dependency_links to ../../../../build/booster_teleop/booster_teleop.egg-info/dependency_links.txt
writing entry points to ../../../../build/booster_teleop/booster_teleop.egg-info/entry_points.txt
writing requirements to ../../../../build/booster_teleop/booster_teleop.egg-info/requires.txt
writing top-level names to ../../../../build/booster_teleop/booster_teleop.egg-info/top_level.txt
writing manifest file '../../../../build/booster_teleop/booster_teleop.egg-info/SOURCES.txt'
reading manifest file '../../../../build/booster_teleop/booster_teleop.egg-info/SOURCES.txt'
writing manifest file '../../../../build/booster_teleop/booster_teleop.egg-info/SOURCES.txt'
running build
running build_py
creating /home/pathfinder/Projects/Starkit/booster_teleop/robot_deploy_fork_ws/build/booster_teleop/build
creating /home/pathfinder/Projects/Starkit/booster_teleop/robot_deploy_fork_ws/build/booster_teleop/build/lib
creating /home/pathfinder/Projects/Starkit/booster_teleop/robot_deploy_fork_ws/build/booster_teleop/build/lib/booster_teleop
copying booster_teleop/arm_sine_test_node.py -> /home/pathfinder/Projects/Starkit/booster_teleop/robot_deploy_fork_ws/build/booster_teleop/build/lib/booster_teleop
copying booster_teleop/__init__.py -> /home/pathfinder/Projects/Starkit/booster_teleop/robot_deploy_fork_ws/build/booster_teleop/build/lib/booster_teleop
running install
running install_lib
creating /home/pathfinder/Projects/Starkit/booster_teleop/robot_deploy_fork_ws/install/booster_teleop/lib/python3.10/site-packages/booster_teleop
copying /home/pathfinder/Projects/Starkit/booster_teleop/robot_deploy_fork_ws/build/booster_teleop/build/lib/booster_teleop/arm_sine_test_node.py -> /home/pathfinder/Projects/Starkit/booster_teleop/robot_deploy_fork_ws/install/booster_teleop/lib/python3.10/site-packages/booster_teleop
copying /home/pathfinder/Projects/Starkit/booster_teleop/robot_deploy_fork_ws/build/booster_teleop/build/lib/booster_teleop/__init__.py -> /home/pathfinder/Projects/Starkit/booster_teleop/robot_deploy_fork_ws/install/booster_teleop/lib/python3.10/site-packages/booster_teleop
byte-compiling /home/pathfinder/Projects/Starkit/booster_teleop/robot_deploy_fork_ws/install/booster_teleop/lib/python3.10/site-packages/booster_teleop/arm_sine_test_node.py to arm_sine_test_node.cpython-310.pyc
byte-compiling /home/pathfinder/Projects/Starkit/booster_teleop/robot_deploy_fork_ws/install/booster_teleop/lib/python3.10/site-packages/booster_teleop/__init__.py to __init__.cpython-310.pyc
running install_data
creating /home/pathfinder/Projects/Starkit/booster_teleop/robot_deploy_fork_ws/install/booster_teleop/share/ament_index
creating /home/pathfinder/Projects/Starkit/booster_teleop/robot_deploy_fork_ws/install/booster_teleop/share/ament_index/resource_index
creating /home/pathfinder/Projects/Starkit/booster_teleop/robot_deploy_fork_ws/install/booster_teleop/share/ament_index/resource_index/packages
copying resource/booster_teleop -> /home/pathfinder/Projects/Starkit/booster_teleop/robot_deploy_fork_ws/install/booster_teleop/share/ament_index/resource_index/packages
copying package.xml -> /home/pathfinder/Projects/Starkit/booster_teleop/robot_deploy_fork_ws/install/booster_teleop/share/booster_teleop
running install_egg_info
Copying ../../../../build/booster_teleop/booster_teleop.egg-info to /home/pathfinder/Projects/Starkit/booster_teleop/robot_deploy_fork_ws/install/booster_teleop/lib/python3.10/site-packages/booster_teleop-0.0.0-py3.10.egg-info
running install_scripts
Installing arm_sine_test script to /home/pathfinder/Projects/Starkit/booster_teleop/robot_deploy_fork_ws/install/booster_teleop/lib/booster_teleop
writing list of installed files to '/home/pathfinder/Projects/Starkit/booster_teleop/robot_deploy_fork_ws/build/booster_teleop/install.log'
