[0.439s] Invoking command in '/home/pathfinder/Projects/Starkit/booster_teleop/robot_deploy_fork_ws/src/robot_launcher_gucci/booster_teleop/booster_teleop': CONDA_PROMPT_MODIFIER=(base) PYTHONPATH=/home/pathfinder/Projects/Starkit/booster_teleop/robot_deploy_fork_ws/build/booster_teleop/prefix_override:/usr/lib/python3/dist-packages/colcon_core/task/python/colcon_distutils_commands:/home/pathfinder/Projects/Starkit/booster_teleop/robot_deploy_fork_ws/install/booster_teleop/lib/python3.10/site-packages:${PYTHONPATH} /usr/bin/python3 -W ignore:setup.py install is deprecated -W ignore:easy_install command is deprecated setup.py egg_info --egg-base ../../../../build/booster_teleop build --build-base /home/pathfinder/Projects/Starkit/booster_teleop/robot_deploy_fork_ws/build/booster_teleop/build install --record /home/pathfinder/Projects/Starkit/booster_teleop/robot_deploy_fork_ws/build/booster_teleop/install.log --single-version-externally-managed install_data
[0.601s] running egg_info
[0.602s] creating ../../../../build/booster_teleop/booster_teleop.egg-info
[0.602s] writing ../../../../build/booster_teleop/booster_teleop.egg-info/PKG-INFO
[0.602s] writing dependency_links to ../../../../build/booster_teleop/booster_teleop.egg-info/dependency_links.txt
[0.602s] writing entry points to ../../../../build/booster_teleop/booster_teleop.egg-info/entry_points.txt
[0.602s] writing requirements to ../../../../build/booster_teleop/booster_teleop.egg-info/requires.txt
[0.602s] writing top-level names to ../../../../build/booster_teleop/booster_teleop.egg-info/top_level.txt
[0.602s] writing manifest file '../../../../build/booster_teleop/booster_teleop.egg-info/SOURCES.txt'
[0.603s] reading manifest file '../../../../build/booster_teleop/booster_teleop.egg-info/SOURCES.txt'
[0.604s] writing manifest file '../../../../build/booster_teleop/booster_teleop.egg-info/SOURCES.txt'
[0.604s] running build
[0.604s] running build_py
[0.604s] creating /home/pathfinder/Projects/Starkit/booster_teleop/robot_deploy_fork_ws/build/booster_teleop/build
[0.604s] creating /home/pathfinder/Projects/Starkit/booster_teleop/robot_deploy_fork_ws/build/booster_teleop/build/lib
[0.604s] creating /home/pathfinder/Projects/Starkit/booster_teleop/robot_deploy_fork_ws/build/booster_teleop/build/lib/booster_teleop
[0.604s] copying booster_teleop/arm_sine_test_node.py -> /home/pathfinder/Projects/Starkit/booster_teleop/robot_deploy_fork_ws/build/booster_teleop/build/lib/booster_teleop
[0.604s] copying booster_teleop/__init__.py -> /home/pathfinder/Projects/Starkit/booster_teleop/robot_deploy_fork_ws/build/booster_teleop/build/lib/booster_teleop
[0.604s] running install
[0.604s] running install_lib
[0.605s] creating /home/pathfinder/Projects/Starkit/booster_teleop/robot_deploy_fork_ws/install/booster_teleop/lib/python3.10/site-packages/booster_teleop
[0.605s] copying /home/pathfinder/Projects/Starkit/booster_teleop/robot_deploy_fork_ws/build/booster_teleop/build/lib/booster_teleop/arm_sine_test_node.py -> /home/pathfinder/Projects/Starkit/booster_teleop/robot_deploy_fork_ws/install/booster_teleop/lib/python3.10/site-packages/booster_teleop
[0.605s] copying /home/pathfinder/Projects/Starkit/booster_teleop/robot_deploy_fork_ws/build/booster_teleop/build/lib/booster_teleop/__init__.py -> /home/pathfinder/Projects/Starkit/booster_teleop/robot_deploy_fork_ws/install/booster_teleop/lib/python3.10/site-packages/booster_teleop
[0.605s] byte-compiling /home/pathfinder/Projects/Starkit/booster_teleop/robot_deploy_fork_ws/install/booster_teleop/lib/python3.10/site-packages/booster_teleop/arm_sine_test_node.py to arm_sine_test_node.cpython-310.pyc
[0.606s] byte-compiling /home/pathfinder/Projects/Starkit/booster_teleop/robot_deploy_fork_ws/install/booster_teleop/lib/python3.10/site-packages/booster_teleop/__init__.py to __init__.cpython-310.pyc
[0.606s] running install_data
[0.606s] creating /home/pathfinder/Projects/Starkit/booster_teleop/robot_deploy_fork_ws/install/booster_teleop/share/ament_index
[0.606s] creating /home/pathfinder/Projects/Starkit/booster_teleop/robot_deploy_fork_ws/install/booster_teleop/share/ament_index/resource_index
[0.606s] creating /home/pathfinder/Projects/Starkit/booster_teleop/robot_deploy_fork_ws/install/booster_teleop/share/ament_index/resource_index/packages
[0.607s] copying resource/booster_teleop -> /home/pathfinder/Projects/Starkit/booster_teleop/robot_deploy_fork_ws/install/booster_teleop/share/ament_index/resource_index/packages
[0.607s] copying package.xml -> /home/pathfinder/Projects/Starkit/booster_teleop/robot_deploy_fork_ws/install/booster_teleop/share/booster_teleop
[0.607s] running install_egg_info
[0.608s] Copying ../../../../build/booster_teleop/booster_teleop.egg-info to /home/pathfinder/Projects/Starkit/booster_teleop/robot_deploy_fork_ws/install/booster_teleop/lib/python3.10/site-packages/booster_teleop-0.0.0-py3.10.egg-info
[0.608s] running install_scripts
[0.623s] Installing arm_sine_test script to /home/pathfinder/Projects/Starkit/booster_teleop/robot_deploy_fork_ws/install/booster_teleop/lib/booster_teleop
[0.623s] writing list of installed files to '/home/pathfinder/Projects/Starkit/booster_teleop/robot_deploy_fork_ws/build/booster_teleop/install.log'
[0.645s] Invoked command in '/home/pathfinder/Projects/Starkit/booster_teleop/robot_deploy_fork_ws/src/robot_launcher_gucci/booster_teleop/booster_teleop' returned '0': CONDA_PROMPT_MODIFIER=(base) PYTHONPATH=/home/pathfinder/Projects/Starkit/booster_teleop/robot_deploy_fork_ws/build/booster_teleop/prefix_override:/usr/lib/python3/dist-packages/colcon_core/task/python/colcon_distutils_commands:/home/pathfinder/Projects/Starkit/booster_teleop/robot_deploy_fork_ws/install/booster_teleop/lib/python3.10/site-packages:${PYTHONPATH} /usr/bin/python3 -W ignore:setup.py install is deprecated -W ignore:easy_install command is deprecated setup.py egg_info --egg-base ../../../../build/booster_teleop build --build-base /home/pathfinder/Projects/Starkit/booster_teleop/robot_deploy_fork_ws/build/booster_teleop/build install --record /home/pathfinder/Projects/Starkit/booster_teleop/robot_deploy_fork_ws/build/booster_teleop/install.log --single-version-externally-managed install_data
