[0.012s] Invoking command in '/home/pathfinder/Projects/Starkit/booster_teleop/robot_deploy_fork_ws/build/booster_interface': CMAKE_PREFIX_PATH=/opt/ros/humble CONDA_PROMPT_MODIFIER=(base) /usr/bin/cmake /home/pathfinder/Projects/Starkit/booster_teleop/robot_deploy_fork_ws/src/robot_launcher_gucci/booster_ros2_interface -DCMAKE_INSTALL_PREFIX=/home/pathfinder/Projects/Starkit/booster_teleop/robot_deploy_fork_ws/install/booster_interface
[0.188s] -- The C compiler identification is GNU 11.4.0
[0.189s] -- The CXX compiler identification is GNU 11.4.0
[0.189s] -- Detecting C compiler ABI info
[0.189s] -- Detecting C compiler ABI info - done
[0.189s] -- Check for working C compiler: /usr/bin/cc - skipped
[0.189s] -- Detecting C compile features
[0.189s] -- Detecting C compile features - done
[0.189s] -- Detecting CXX compiler ABI info
[0.217s] -- Detecting CXX compiler ABI info - done
[0.223s] -- Check for working CXX compiler: /usr/bin/c++ - skipped
[0.223s] -- Detecting CXX compile features
[0.223s] -- Detecting CXX compile features - done
[0.224s] -- Found ament_cmake: 1.3.12 (/opt/ros/humble/share/ament_cmake/cmake)
[0.534s] -- Found Python3: /home/pathfinder/anaconda3/bin/python3 (found version "3.13.9") found components: Interpreter 
[0.608s] -- Found rclcpp: 16.0.17 (/opt/ros/humble/share/rclcpp/cmake)
[0.633s] -- Found rosidl_generator_c: 3.1.8 (/opt/ros/humble/share/rosidl_generator_c/cmake)
[0.635s] -- Found rosidl_adapter: 3.1.8 (/opt/ros/humble/share/rosidl_adapter/cmake)
[0.640s] -- Found rosidl_generator_cpp: 3.1.8 (/opt/ros/humble/share/rosidl_generator_cpp/cmake)
[0.647s] -- Using all available rosidl_typesupport_c: rosidl_typesupport_fastrtps_c;rosidl_typesupport_introspection_c
[0.656s] -- Using all available rosidl_typesupport_cpp: rosidl_typesupport_fastrtps_cpp;rosidl_typesupport_introspection_cpp
[0.680s] -- Found rmw_implementation_cmake: 6.1.2 (/opt/ros/humble/share/rmw_implementation_cmake/cmake)
[0.681s] -- Found rmw_fastrtps_cpp: 6.2.9 (/opt/ros/humble/share/rmw_fastrtps_cpp/cmake)
[0.745s] -- Found OpenSSL: /usr/lib/x86_64-linux-gnu/libcrypto.so (found version "3.0.2")  
[0.765s] -- Found FastRTPS: /opt/ros/humble/include  
[0.795s] -- Using RMW implementation 'rmw_fastrtps_cpp' as default
[0.801s] -- Looking for pthread.h
[0.855s] -- Looking for pthread.h - found
[0.855s] -- Performing Test CMAKE_HAVE_LIBC_PTHREAD
[0.913s] -- Performing Test CMAKE_HAVE_LIBC_PTHREAD - Success
[0.914s] -- Found Threads: TRUE  
[0.944s] -- Found rosidl_default_generators: 1.2.0 (/opt/ros/humble/share/rosidl_default_generators/cmake)
[1.048s] [31mCMake Error at /opt/ros/humble/share/rosidl_adapter/cmake/rosidl_adapt_interfaces.cmake:59 (message):
[1.048s]   execute_process(/home/pathfinder/anaconda3/bin/python3 -m rosidl_adapter
[1.048s]   --package-name booster_interface --arguments-file
[1.048s]   /home/pathfinder/Projects/Starkit/booster_teleop/robot_deploy_fork_ws/build/booster_interface/rosidl_adapter__arguments__booster_interface.json
[1.048s]   --output-dir
[1.048s]   /home/pathfinder/Projects/Starkit/booster_teleop/robot_deploy_fork_ws/build/booster_interface/rosidl_adapter/booster_interface
[1.048s]   --output-file
[1.048s]   /home/pathfinder/Projects/Starkit/booster_teleop/robot_deploy_fork_ws/build/booster_interface/rosidl_adapter/booster_interface.idls)
[1.048s]   returned error code 1:
[1.048s] 
[1.048s]   Traceback (most recent call last):
[1.048s] 
[1.048s]     File "<frozen runpy>", line 198, in _run_module_as_main
[1.049s]     File "<frozen runpy>", line 88, in _run_code
[1.049s]     File "/opt/ros/humble/local/lib/python3.10/dist-packages/rosidl_adapter/__main__.py", line 19, in <module>
[1.049s]       sys.exit(main())
[1.049s]                ~~~~^^
[1.049s]     File "/opt/ros/humble/local/lib/python3.10/dist-packages/rosidl_adapter/main.py", line 53, in main
[1.049s]       abs_idl_file = convert_to_idl(
[1.049s]           pathlib.Path(basepath), args.package_name,
[1.049s]           pathlib.Path(relative_path), output_dir)
[1.049s]     File "/opt/ros/humble/local/lib/python3.10/dist-packages/rosidl_adapter/__init__.py", line 18, in convert_to_idl
[1.049s]       from rosidl_adapter.msg import convert_msg_to_idl
[1.049s]     File "/opt/ros/humble/local/lib/python3.10/dist-packages/rosidl_adapter/msg/__init__.py", line 16, in <module>
[1.049s]       from rosidl_adapter.resource import expand_template
[1.049s]     File "/opt/ros/humble/local/lib/python3.10/dist-packages/rosidl_adapter/resource/__init__.py", line 19, in <module>
[1.049s]       import em
[1.049s] 
[1.049s]   ModuleNotFoundError: No module named 'em'
[1.049s] 
[1.049s] Call Stack (most recent call first):
[1.050s]   /opt/ros/humble/share/rosidl_cmake/cmake/rosidl_generate_interfaces.cmake:130 (rosidl_adapt_interfaces)
[1.050s]   CMakeLists.txt:15 (rosidl_generate_interfaces)
[1.050s] 
[1.050s] [0m
[1.050s] -- Configuring incomplete, errors occurred!
[1.050s] See also "/home/pathfinder/Projects/Starkit/booster_teleop/robot_deploy_fork_ws/build/booster_interface/CMakeFiles/CMakeOutput.log".
