/home/pathfinder/Projects/Starkit/booster_teleop/robot_deploy_fork_ws/install/mujoco_robot_emulator/lib/python3.10/site-packages/mujoco_robot_emulator/general.py
/home/pathfinder/Projects/Starkit/booster_teleop/robot_deploy_fork_ws/install/mujoco_robot_emulator/lib/python3.10/site-packages/mujoco_robot_emulator/K1.py
/home/pathfinder/Projects/Starkit/booster_teleop/robot_deploy_fork_ws/install/mujoco_robot_emulator/lib/python3.10/site-packages/mujoco_robot_emulator/node.py
/home/pathfinder/Projects/Starkit/booster_teleop/robot_deploy_fork_ws/install/mujoco_robot_emulator/lib/python3.10/site-packages/mujoco_robot_emulator/__init__.py
/home/pathfinder/Projects/Starkit/booster_teleop/robot_deploy_fork_ws/install/mujoco_robot_emulator/lib/python3.10/site-packages/mujoco_robot_emulator/__pycache__/general.cpython-310.pyc
/home/pathfinder/Projects/Starkit/booster_teleop/robot_deploy_fork_ws/install/mujoco_robot_emulator/lib/python3.10/site-packages/mujoco_robot_emulator/__pycache__/K1.cpython-310.pyc
/home/pathfinder/Projects/Starkit/booster_teleop/robot_deploy_fork_ws/install/mujoco_robot_emulator/lib/python3.10/site-packages/mujoco_robot_emulator/__pycache__/node.cpython-310.pyc
/home/pathfinder/Projects/Starkit/booster_teleop/robot_deploy_fork_ws/install/mujoco_robot_emulator/lib/python3.10/site-packages/mujoco_robot_emulator/__pycache__/__init__.cpython-310.pyc
/home/pathfinder/Projects/Starkit/booster_teleop/robot_deploy_fork_ws/install/mujoco_robot_emulator/share/ament_index/resource_index/packages/mujoco_robot_emulator
/home/pathfinder/Projects/Starkit/booster_teleop/robot_deploy_fork_ws/install/mujoco_robot_emulator/share/mujoco_robot_emulator/package.xml
/home/pathfinder/Projects/Starkit/booster_teleop/robot_deploy_fork_ws/install/mujoco_robot_emulator/share/mujoco_robot_emulator/config/./k1_sim.yaml
/home/pathfinder/Projects/Starkit/booster_teleop/robot_deploy_fork_ws/install/mujoco_robot_emulator/share/mujoco_robot_emulator/config/./general_sim.yaml
/home/pathfinder/Projects/Starkit/booster_teleop/robot_deploy_fork_ws/install/mujoco_robot_emulator/lib/python3.10/site-packages/mujoco_robot_emulator-0.0.0-py3.10.egg-info/SOURCES.txt
/home/pathfinder/Projects/Starkit/booster_teleop/robot_deploy_fork_ws/install/mujoco_robot_emulator/lib/python3.10/site-packages/mujoco_robot_emulator-0.0.0-py3.10.egg-info/zip-safe
/home/pathfinder/Projects/Starkit/booster_teleop/robot_deploy_fork_ws/install/mujoco_robot_emulator/lib/python3.10/site-packages/mujoco_robot_emulator-0.0.0-py3.10.egg-info/requires.txt
/home/pathfinder/Projects/Starkit/booster_teleop/robot_deploy_fork_ws/install/mujoco_robot_emulator/lib/python3.10/site-packages/mujoco_robot_emulator-0.0.0-py3.10.egg-info/dependency_links.txt
/home/pathfinder/Projects/Starkit/booster_teleop/robot_deploy_fork_ws/install/mujoco_robot_emulator/lib/python3.10/site-packages/mujoco_robot_emulator-0.0.0-py3.10.egg-info/top_level.txt
/home/pathfinder/Projects/Starkit/booster_teleop/robot_deploy_fork_ws/install/mujoco_robot_emulator/lib/python3.10/site-packages/mujoco_robot_emulator-0.0.0-py3.10.egg-info/entry_points.txt
/home/pathfinder/Projects/Starkit/booster_teleop/robot_deploy_fork_ws/install/mujoco_robot_emulator/lib/python3.10/site-packages/mujoco_robot_emulator-0.0.0-py3.10.egg-info/PKG-INFO
/home/pathfinder/Projects/Starkit/booster_teleop/robot_deploy_fork_ws/install/mujoco_robot_emulator/lib/mujoco_robot_emulator/node
