running egg_info
creating ../../../build/mujoco_robot_emulator/mujoco_robot_emulator.egg-info
writing ../../../build/mujoco_robot_emulator/mujoco_robot_emulator.egg-info/PKG-INFO
writing dependency_links to ../../../build/mujoco_robot_emulator/mujoco_robot_emulator.egg-info/dependency_links.txt
writing entry points to ../../../build/mujoco_robot_emulator/mujoco_robot_emulator.egg-info/entry_points.txt
writing requirements to ../../../build/mujoco_robot_emulator/mujoco_robot_emulator.egg-info/requires.txt
writing top-level names to ../../../build/mujoco_robot_emulator/mujoco_robot_emulator.egg-info/top_level.txt
writing manifest file '../../../build/mujoco_robot_emulator/mujoco_robot_emulator.egg-info/SOURCES.txt'
reading manifest file '../../../build/mujoco_robot_emulator/mujoco_robot_emulator.egg-info/SOURCES.txt'
writing manifest file '../../../build/mujoco_robot_emulator/mujoco_robot_emulator.egg-info/SOURCES.txt'
running build
running build_py
creating /home/pathfinder/Projects/Starkit/booster_teleop/robot_deploy_fork_ws/build/mujoco_robot_emulator/build
creating /home/pathfinder/Projects/Starkit/booster_teleop/robot_deploy_fork_ws/build/mujoco_robot_emulator/build/lib
creating /home/pathfinder/Projects/Starkit/booster_teleop/robot_deploy_fork_ws/build/mujoco_robot_emulator/build/lib/mujoco_robot_emulator
copying mujoco_robot_emulator/general.py -> /home/pathfinder/Projects/Starkit/booster_teleop/robot_deploy_fork_ws/build/mujoco_robot_emulator/build/lib/mujoco_robot_emulator
copying mujoco_robot_emulator/K1.py -> /home/pathfinder/Projects/Starkit/booster_teleop/robot_deploy_fork_ws/build/mujoco_robot_emulator/build/lib/mujoco_robot_emulator
copying mujoco_robot_emulator/node.py -> /home/pathfinder/Projects/Starkit/booster_teleop/robot_deploy_fork_ws/build/mujoco_robot_emulator/build/lib/mujoco_robot_emulator
copying mujoco_robot_emulator/__init__.py -> /home/pathfinder/Projects/Starkit/booster_teleop/robot_deploy_fork_ws/build/mujoco_robot_emulator/build/lib/mujoco_robot_emulator
running install
running install_lib
creating /home/pathfinder/Projects/Starkit/booster_teleop/robot_deploy_fork_ws/install/mujoco_robot_emulator/lib/python3.10/site-packages/mujoco_robot_emulator
copying /home/pathfinder/Projects/Starkit/booster_teleop/robot_deploy_fork_ws/build/mujoco_robot_emulator/build/lib/mujoco_robot_emulator/general.py -> /home/pathfinder/Projects/Starkit/booster_teleop/robot_deploy_fork_ws/install/mujoco_robot_emulator/lib/python3.10/site-packages/mujoco_robot_emulator
copying /home/pathfinder/Projects/Starkit/booster_teleop/robot_deploy_fork_ws/build/mujoco_robot_emulator/build/lib/mujoco_robot_emulator/K1.py -> /home/pathfinder/Projects/Starkit/booster_teleop/robot_deploy_fork_ws/install/mujoco_robot_emulator/lib/python3.10/site-packages/mujoco_robot_emulator
copying /home/pathfinder/Projects/Starkit/booster_teleop/robot_deploy_fork_ws/build/mujoco_robot_emulator/build/lib/mujoco_robot_emulator/node.py -> /home/pathfinder/Projects/Starkit/booster_teleop/robot_deploy_fork_ws/install/mujoco_robot_emulator/lib/python3.10/site-packages/mujoco_robot_emulator
copying /home/pathfinder/Projects/Starkit/booster_teleop/robot_deploy_fork_ws/build/mujoco_robot_emulator/build/lib/mujoco_robot_emulator/__init__.py -> /home/pathfinder/Projects/Starkit/booster_teleop/robot_deploy_fork_ws/install/mujoco_robot_emulator/lib/python3.10/site-packages/mujoco_robot_emulator
byte-compiling /home/pathfinder/Projects/Starkit/booster_teleop/robot_deploy_fork_ws/install/mujoco_robot_emulator/lib/python3.10/site-packages/mujoco_robot_emulator/general.py to general.cpython-310.pyc
byte-compiling /home/pathfinder/Projects/Starkit/booster_teleop/robot_deploy_fork_ws/install/mujoco_robot_emulator/lib/python3.10/site-packages/mujoco_robot_emulator/K1.py to K1.cpython-310.pyc
byte-compiling /home/pathfinder/Projects/Starkit/booster_teleop/robot_deploy_fork_ws/install/mujoco_robot_emulator/lib/python3.10/site-packages/mujoco_robot_emulator/node.py to node.cpython-310.pyc
byte-compiling /home/pathfinder/Projects/Starkit/booster_teleop/robot_deploy_fork_ws/install/mujoco_robot_emulator/lib/python3.10/site-packages/mujoco_robot_emulator/__init__.py to __init__.cpython-310.pyc
running install_data
creating /home/pathfinder/Projects/Starkit/booster_teleop/robot_deploy_fork_ws/install/mujoco_robot_emulator/share/ament_index
creating /home/pathfinder/Projects/Starkit/booster_teleop/robot_deploy_fork_ws/install/mujoco_robot_emulator/share/ament_index/resource_index
creating /home/pathfinder/Projects/Starkit/booster_teleop/robot_deploy_fork_ws/install/mujoco_robot_emulator/share/ament_index/resource_index/packages
copying resource/mujoco_robot_emulator -> /home/pathfinder/Projects/Starkit/booster_teleop/robot_deploy_fork_ws/install/mujoco_robot_emulator/share/ament_index/resource_index/packages
copying package.xml -> /home/pathfinder/Projects/Starkit/booster_teleop/robot_deploy_fork_ws/install/mujoco_robot_emulator/share/mujoco_robot_emulator
creating /home/pathfinder/Projects/Starkit/booster_teleop/robot_deploy_fork_ws/install/mujoco_robot_emulator/share/mujoco_robot_emulator/config
copying config/k1_sim.yaml -> /home/pathfinder/Projects/Starkit/booster_teleop/robot_deploy_fork_ws/install/mujoco_robot_emulator/share/mujoco_robot_emulator/config/.
copying config/general_sim.yaml -> /home/pathfinder/Projects/Starkit/booster_teleop/robot_deploy_fork_ws/install/mujoco_robot_emulator/share/mujoco_robot_emulator/config/.
running install_egg_info
Copying ../../../build/mujoco_robot_emulator/mujoco_robot_emulator.egg-info to /home/pathfinder/Projects/Starkit/booster_teleop/robot_deploy_fork_ws/install/mujoco_robot_emulator/lib/python3.10/site-packages/mujoco_robot_emulator-0.0.0-py3.10.egg-info
running install_scripts
Installing node script to /home/pathfinder/Projects/Starkit/booster_teleop/robot_deploy_fork_ws/install/mujoco_robot_emulator/lib/mujoco_robot_emulator
writing list of installed files to '/home/pathfinder/Projects/Starkit/booster_teleop/robot_deploy_fork_ws/build/mujoco_robot_emulator/install.log'
