[0.392s] Invoking command in '/home/pathfinder/Projects/Starkit/booster_teleop/robot_deploy_fork_ws/src/robot_launcher_gucci/mujoco_robot_emulator': AMENT_PREFIX_PATH=/home/pathfinder/Projects/Starkit/booster_teleop/robot_deploy_fork_ws/install/booster_interface:${AMENT_PREFIX_PATH} CMAKE_PREFIX_PATH=/home/pathfinder/Projects/Starkit/booster_teleop/robot_deploy_fork_ws/install/booster_interface CONDA_PROMPT_MODIFIER=(robot_deploy) LD_LIBRARY_PATH=/home/pathfinder/Projects/Starkit/booster_teleop/robot_deploy_fork_ws/install/booster_interface/lib:${LD_LIBRARY_PATH} PYTHONPATH=/home/pathfinder/Projects/Starkit/booster_teleop/robot_deploy_fork_ws/build/mujoco_robot_emulator/prefix_override:/usr/lib/python3/dist-packages/colcon_core/task/python/colcon_distutils_commands:/home/pathfinder/Projects/Starkit/booster_teleop/robot_deploy_fork_ws/install/mujoco_robot_emulator/lib/python3.10/site-packages:/home/pathfinder/Projects/Starkit/booster_teleop/robot_deploy_fork_ws/install/booster_interface/lib/python3.10/site-packages:${PYTHONPATH} /usr/bin/python3 -W ignore:setup.py install is deprecated -W ignore:easy_install command is deprecated setup.py egg_info --egg-base ../../../build/mujoco_robot_emulator build --build-base /home/pathfinder/Projects/Starkit/booster_teleop/robot_deploy_fork_ws/build/mujoco_robot_emulator/build install --record /home/pathfinder/Projects/Starkit/booster_teleop/robot_deploy_fork_ws/build/mujoco_robot_emulator/install.log --single-version-externally-managed install_data
[0.534s] running egg_info
[0.534s] creating ../../../build/mujoco_robot_emulator/mujoco_robot_emulator.egg-info
[0.534s] writing ../../../build/mujoco_robot_emulator/mujoco_robot_emulator.egg-info/PKG-INFO
[0.534s] writing dependency_links to ../../../build/mujoco_robot_emulator/mujoco_robot_emulator.egg-info/dependency_links.txt
[0.534s] writing entry points to ../../../build/mujoco_robot_emulator/mujoco_robot_emulator.egg-info/entry_points.txt
[0.534s] writing requirements to ../../../build/mujoco_robot_emulator/mujoco_robot_emulator.egg-info/requires.txt
[0.535s] writing top-level names to ../../../build/mujoco_robot_emulator/mujoco_robot_emulator.egg-info/top_level.txt
[0.535s] writing manifest file '../../../build/mujoco_robot_emulator/mujoco_robot_emulator.egg-info/SOURCES.txt'
[0.535s] reading manifest file '../../../build/mujoco_robot_emulator/mujoco_robot_emulator.egg-info/SOURCES.txt'
[0.536s] writing manifest file '../../../build/mujoco_robot_emulator/mujoco_robot_emulator.egg-info/SOURCES.txt'
[0.536s] running build
[0.536s] running build_py
[0.536s] creating /home/pathfinder/Projects/Starkit/booster_teleop/robot_deploy_fork_ws/build/mujoco_robot_emulator/build
[0.536s] creating /home/pathfinder/Projects/Starkit/booster_teleop/robot_deploy_fork_ws/build/mujoco_robot_emulator/build/lib
[0.536s] creating /home/pathfinder/Projects/Starkit/booster_teleop/robot_deploy_fork_ws/build/mujoco_robot_emulator/build/lib/mujoco_robot_emulator
[0.536s] copying mujoco_robot_emulator/general.py -> /home/pathfinder/Projects/Starkit/booster_teleop/robot_deploy_fork_ws/build/mujoco_robot_emulator/build/lib/mujoco_robot_emulator
[0.536s] copying mujoco_robot_emulator/K1.py -> /home/pathfinder/Projects/Starkit/booster_teleop/robot_deploy_fork_ws/build/mujoco_robot_emulator/build/lib/mujoco_robot_emulator
[0.537s] copying mujoco_robot_emulator/node.py -> /home/pathfinder/Projects/Starkit/booster_teleop/robot_deploy_fork_ws/build/mujoco_robot_emulator/build/lib/mujoco_robot_emulator
[0.537s] copying mujoco_robot_emulator/__init__.py -> /home/pathfinder/Projects/Starkit/booster_teleop/robot_deploy_fork_ws/build/mujoco_robot_emulator/build/lib/mujoco_robot_emulator
[0.537s] running install
[0.537s] running install_lib
[0.537s] creating /home/pathfinder/Projects/Starkit/booster_teleop/robot_deploy_fork_ws/install/mujoco_robot_emulator/lib/python3.10/site-packages/mujoco_robot_emulator
[0.537s] copying /home/pathfinder/Projects/Starkit/booster_teleop/robot_deploy_fork_ws/build/mujoco_robot_emulator/build/lib/mujoco_robot_emulator/general.py -> /home/pathfinder/Projects/Starkit/booster_teleop/robot_deploy_fork_ws/install/mujoco_robot_emulator/lib/python3.10/site-packages/mujoco_robot_emulator
[0.537s] copying /home/pathfinder/Projects/Starkit/booster_teleop/robot_deploy_fork_ws/build/mujoco_robot_emulator/build/lib/mujoco_robot_emulator/K1.py -> /home/pathfinder/Projects/Starkit/booster_teleop/robot_deploy_fork_ws/install/mujoco_robot_emulator/lib/python3.10/site-packages/mujoco_robot_emulator
[0.537s] copying /home/pathfinder/Projects/Starkit/booster_teleop/robot_deploy_fork_ws/build/mujoco_robot_emulator/build/lib/mujoco_robot_emulator/node.py -> /home/pathfinder/Projects/Starkit/booster_teleop/robot_deploy_fork_ws/install/mujoco_robot_emulator/lib/python3.10/site-packages/mujoco_robot_emulator
[0.537s] copying /home/pathfinder/Projects/Starkit/booster_teleop/robot_deploy_fork_ws/build/mujoco_robot_emulator/build/lib/mujoco_robot_emulator/__init__.py -> /home/pathfinder/Projects/Starkit/booster_teleop/robot_deploy_fork_ws/install/mujoco_robot_emulator/lib/python3.10/site-packages/mujoco_robot_emulator
[0.537s] byte-compiling /home/pathfinder/Projects/Starkit/booster_teleop/robot_deploy_fork_ws/install/mujoco_robot_emulator/lib/python3.10/site-packages/mujoco_robot_emulator/general.py to general.cpython-310.pyc
[0.539s] byte-compiling /home/pathfinder/Projects/Starkit/booster_teleop/robot_deploy_fork_ws/install/mujoco_robot_emulator/lib/python3.10/site-packages/mujoco_robot_emulator/K1.py to K1.cpython-310.pyc
[0.539s] byte-compiling /home/pathfinder/Projects/Starkit/booster_teleop/robot_deploy_fork_ws/install/mujoco_robot_emulator/lib/python3.10/site-packages/mujoco_robot_emulator/node.py to node.cpython-310.pyc
[0.540s] byte-compiling /home/pathfinder/Projects/Starkit/booster_teleop/robot_deploy_fork_ws/install/mujoco_robot_emulator/lib/python3.10/site-packages/mujoco_robot_emulator/__init__.py to __init__.cpython-310.pyc
[0.540s] running install_data
[0.540s] creating /home/pathfinder/Projects/Starkit/booster_teleop/robot_deploy_fork_ws/install/mujoco_robot_emulator/share/ament_index
[0.540s] creating /home/pathfinder/Projects/Starkit/booster_teleop/robot_deploy_fork_ws/install/mujoco_robot_emulator/share/ament_index/resource_index
[0.540s] creating /home/pathfinder/Projects/Starkit/booster_teleop/robot_deploy_fork_ws/install/mujoco_robot_emulator/share/ament_index/resource_index/packages
[0.540s] copying resource/mujoco_robot_emulator -> /home/pathfinder/Projects/Starkit/booster_teleop/robot_deploy_fork_ws/install/mujoco_robot_emulator/share/ament_index/resource_index/packages
[0.540s] copying package.xml -> /home/pathfinder/Projects/Starkit/booster_teleop/robot_deploy_fork_ws/install/mujoco_robot_emulator/share/mujoco_robot_emulator
[0.540s] creating /home/pathfinder/Projects/Starkit/booster_teleop/robot_deploy_fork_ws/install/mujoco_robot_emulator/share/mujoco_robot_emulator/config
[0.540s] copying config/k1_sim.yaml -> /home/pathfinder/Projects/Starkit/booster_teleop/robot_deploy_fork_ws/install/mujoco_robot_emulator/share/mujoco_robot_emulator/config/.
[0.540s] copying config/general_sim.yaml -> /home/pathfinder/Projects/Starkit/booster_teleop/robot_deploy_fork_ws/install/mujoco_robot_emulator/share/mujoco_robot_emulator/config/.
[0.540s] running install_egg_info
[0.541s] Copying ../../../build/mujoco_robot_emulator/mujoco_robot_emulator.egg-info to /home/pathfinder/Projects/Starkit/booster_teleop/robot_deploy_fork_ws/install/mujoco_robot_emulator/lib/python3.10/site-packages/mujoco_robot_emulator-0.0.0-py3.10.egg-info
[0.541s] running install_scripts
[0.554s] Installing node script to /home/pathfinder/Projects/Starkit/booster_teleop/robot_deploy_fork_ws/install/mujoco_robot_emulator/lib/mujoco_robot_emulator
[0.554s] writing list of installed files to '/home/pathfinder/Projects/Starkit/booster_teleop/robot_deploy_fork_ws/build/mujoco_robot_emulator/install.log'
[0.568s] Invoked command in '/home/pathfinder/Projects/Starkit/booster_teleop/robot_deploy_fork_ws/src/robot_launcher_gucci/mujoco_robot_emulator' returned '0': AMENT_PREFIX_PATH=/home/pathfinder/Projects/Starkit/booster_teleop/robot_deploy_fork_ws/install/booster_interface:${AMENT_PREFIX_PATH} CMAKE_PREFIX_PATH=/home/pathfinder/Projects/Starkit/booster_teleop/robot_deploy_fork_ws/install/booster_interface CONDA_PROMPT_MODIFIER=(robot_deploy) LD_LIBRARY_PATH=/home/pathfinder/Projects/Starkit/booster_teleop/robot_deploy_fork_ws/install/booster_interface/lib:${LD_LIBRARY_PATH} PYTHONPATH=/home/pathfinder/Projects/Starkit/booster_teleop/robot_deploy_fork_ws/build/mujoco_robot_emulator/prefix_override:/usr/lib/python3/dist-packages/colcon_core/task/python/colcon_distutils_commands:/home/pathfinder/Projects/Starkit/booster_teleop/robot_deploy_fork_ws/install/mujoco_robot_emulator/lib/python3.10/site-packages:/home/pathfinder/Projects/Starkit/booster_teleop/robot_deploy_fork_ws/install/booster_interface/lib/python3.10/site-packages:${PYTHONPATH} /usr/bin/python3 -W ignore:setup.py install is deprecated -W ignore:easy_install command is deprecated setup.py egg_info --egg-base ../../../build/mujoco_robot_emulator build --build-base /home/pathfinder/Projects/Starkit/booster_teleop/robot_deploy_fork_ws/build/mujoco_robot_emulator/build install --record /home/pathfinder/Projects/Starkit/booster_teleop/robot_deploy_fork_ws/build/mujoco_robot_emulator/install.log --single-version-externally-managed install_data
