[0.175s] Invoking command in '/home/pathfinder/Projects/Starkit/booster_teleop/robot_deploy_fork_ws/build/robot_launcher': CMAKE_PREFIX_PATH=/opt/ros/humble CONDA_PROMPT_MODIFIER=(base) /usr/bin/cmake /home/pathfinder/Projects/Starkit/booster_teleop/robot_deploy_fork_ws/src/robot_launcher_gucci/robot_launcher -DCMAKE_INSTALL_PREFIX=/home/pathfinder/Projects/Starkit/booster_teleop/robot_deploy_fork_ws/install/robot_launcher
[0.183s] -- Found ament_cmake: 1.3.12 (/opt/ros/humble/share/ament_cmake/cmake)
[0.314s] Traceback (most recent call last):
[0.316s]   File "/opt/ros/humble/share/ament_cmake_core/cmake/core/package_xml_2_cmake.py", line 22, in <module>
[0.316s]     from catkin_pkg.package import parse_package_string
[0.316s] ModuleNotFoundError: No module named 'catkin_pkg'
[0.320s] [31mCMake Error at /opt/ros/humble/share/ament_cmake_core/cmake/core/ament_package_xml.cmake:95 (message):
[0.320s]   execute_process(/home/pathfinder/anaconda3/bin/python3
[0.320s]   /opt/ros/humble/share/ament_cmake_core/cmake/core/package_xml_2_cmake.py
[0.320s]   /home/pathfinder/Projects/Starkit/booster_teleop/robot_deploy_fork_ws/src/robot_launcher_gucci/robot_launcher/package.xml
[0.320s]   /home/pathfinder/Projects/Starkit/booster_teleop/robot_deploy_fork_ws/build/robot_launcher/ament_cmake_core/package.cmake)
[0.320s]   returned error code 1
[0.320s] Call Stack (most recent call first):
[0.320s]   /opt/ros/humble/share/ament_cmake_core/cmake/core/ament_package_xml.cmake:49 (_ament_package_xml)
[0.320s]   /opt/ros/humble/share/ament_cmake_core/cmake/core/ament_package.cmake:63 (ament_package_xml)
[0.321s]   CMakeLists.txt:17 (ament_package)
[0.321s] 
[0.321s] [0m
[0.321s] -- Configuring incomplete, errors occurred!
[0.321s] See also "/home/pathfinder/Projects/Starkit/booster_teleop/robot_deploy_fork_ws/build/robot_launcher/CMakeFiles/CMakeOutput.log".
[0.323s] Invoked command in '/home/pathfinder/Projects/Starkit/booster_teleop/robot_deploy_fork_ws/build/robot_launcher' returned '1': CMAKE_PREFIX_PATH=/opt/ros/humble CONDA_PROMPT_MODIFIER=(base) /usr/bin/cmake /home/pathfinder/Projects/Starkit/booster_teleop/robot_deploy_fork_ws/src/robot_launcher_gucci/robot_launcher -DCMAKE_INSTALL_PREFIX=/home/pathfinder/Projects/Starkit/booster_teleop/robot_deploy_fork_ws/install/robot_launcher
