[0.057s] DEBUG:colcon:Command line arguments: ['/usr/bin/colcon', 'build']
[0.057s] DEBUG:colcon:Parsed command line arguments: Namespace(log_base=None, log_level=None, verb_name='build', build_base='build', install_base='install', merge_install=False, symlink_install=False, test_result_base=None, continue_on_error=False, executor='parallel', parallel_workers=20, event_handlers=None, ignore_user_meta=False, metas=['./colcon.meta'], base_paths=['.'], packages_ignore=None, packages_ignore_regex=None, paths=None, packages_up_to=None, packages_up_to_regex=None, packages_above=None, packages_above_and_dependencies=None, packages_above_depth=None, packages_select_by_dep=None, packages_skip_by_dep=None, packages_skip_up_to=None, packages_select_build_failed=False, packages_skip_build_finished=False, packages_select_test_failures=False, packages_skip_test_passed=False, packages_select=None, packages_skip=None, packages_select_regex=None, packages_skip_regex=None, packages_start=None, packages_end=None, allow_overriding=[], cmake_args=None, cmake_target=None, cmake_target_skip_unavailable=False, cmake_clean_cache=False, cmake_clean_first=False, cmake_force_configure=False, ament_cmake_args=None, catkin_cmake_args=None, catkin_skip_building_tests=False, mixin_files=None, mixin=None, verb_parser=<colcon_mixin.mixin.mixin_argument.MixinArgumentDecorator object at 0x7fdf418857e0>, verb_extension=<colcon_core.verb.build.BuildVerb object at 0x7fdf418851e0>, main=<bound method BuildVerb.main of <colcon_core.verb.build.BuildVerb object at 0x7fdf418851e0>>, mixin_verb=('build',))
[0.157s] Level 1:colcon.colcon_core.package_discovery:discover_packages(colcon_meta) check parameters
[0.158s] Level 1:colcon.colcon_core.package_discovery:discover_packages(recursive) check parameters
[0.158s] Level 1:colcon.colcon_core.package_discovery:discover_packages(ignore) check parameters
[0.158s] Level 1:colcon.colcon_core.package_discovery:discover_packages(path) check parameters
[0.158s] Level 1:colcon.colcon_core.package_discovery:discover_packages(colcon_meta) discover
[0.158s] Level 1:colcon.colcon_core.package_discovery:discover_packages(recursive) discover
[0.158s] INFO:colcon.colcon_core.package_discovery:Crawling recursively for packages in '/home/pathfinder/Projects/Starkit/booster_teleop/robot_deploy_fork_ws'
[0.158s] Level 1:colcon.colcon_core.package_identification:_identify(.) by extensions ['ignore', 'ignore_ament_install']
[0.158s] Level 1:colcon.colcon_core.package_identification:_identify(.) by extension 'ignore'
[0.158s] Level 1:colcon.colcon_core.package_identification:_identify(.) by extension 'ignore_ament_install'
[0.158s] Level 1:colcon.colcon_core.package_identification:_identify(.) by extensions ['colcon_pkg']
[0.158s] Level 1:colcon.colcon_core.package_identification:_identify(.) by extension 'colcon_pkg'
[0.158s] Level 1:colcon.colcon_core.package_identification:_identify(.) by extensions ['colcon_meta']
[0.158s] Level 1:colcon.colcon_core.package_identification:_identify(.) by extension 'colcon_meta'
[0.158s] Level 1:colcon.colcon_core.package_identification:_identify(.) by extensions ['ros']
[0.158s] Level 1:colcon.colcon_core.package_identification:_identify(.) by extension 'ros'
[0.164s] Level 1:colcon.colcon_core.package_identification:_identify(.) by extensions ['cmake', 'python']
[0.164s] Level 1:colcon.colcon_core.package_identification:_identify(.) by extension 'cmake'
[0.164s] Level 1:colcon.colcon_core.package_identification:_identify(.) by extension 'python'
[0.164s] Level 1:colcon.colcon_core.package_identification:_identify(.) by extensions ['python_setup_py']
[0.164s] Level 1:colcon.colcon_core.package_identification:_identify(.) by extension 'python_setup_py'
[0.164s] Level 1:colcon.colcon_core.package_identification:_identify(build) by extensions ['ignore', 'ignore_ament_install']
[0.164s] Level 1:colcon.colcon_core.package_identification:_identify(build) by extension 'ignore'
[0.164s] Level 1:colcon.colcon_core.package_identification:_identify(build) ignored
[0.164s] Level 1:colcon.colcon_core.package_identification:_identify(install) by extensions ['ignore', 'ignore_ament_install']
[0.164s] Level 1:colcon.colcon_core.package_identification:_identify(install) by extension 'ignore'
[0.164s] Level 1:colcon.colcon_core.package_identification:_identify(install) ignored
[0.164s] Level 1:colcon.colcon_core.package_identification:_identify(log) by extensions ['ignore', 'ignore_ament_install']
[0.164s] Level 1:colcon.colcon_core.package_identification:_identify(log) by extension 'ignore'
[0.164s] Level 1:colcon.colcon_core.package_identification:_identify(log) ignored
[0.164s] Level 1:colcon.colcon_core.package_identification:_identify(src) by extensions ['ignore', 'ignore_ament_install']
[0.164s] Level 1:colcon.colcon_core.package_identification:_identify(src) by extension 'ignore'
[0.164s] Level 1:colcon.colcon_core.package_identification:_identify(src) by extension 'ignore_ament_install'
[0.164s] Level 1:colcon.colcon_core.package_identification:_identify(src) by extensions ['colcon_pkg']
[0.164s] Level 1:colcon.colcon_core.package_identification:_identify(src) by extension 'colcon_pkg'
[0.164s] Level 1:colcon.colcon_core.package_identification:_identify(src) by extensions ['colcon_meta']
[0.164s] Level 1:colcon.colcon_core.package_identification:_identify(src) by extension 'colcon_meta'
[0.164s] Level 1:colcon.colcon_core.package_identification:_identify(src) by extensions ['ros']
[0.164s] Level 1:colcon.colcon_core.package_identification:_identify(src) by extension 'ros'
[0.164s] Level 1:colcon.colcon_core.package_identification:_identify(src) by extensions ['cmake', 'python']
[0.164s] Level 1:colcon.colcon_core.package_identification:_identify(src) by extension 'cmake'
[0.164s] Level 1:colcon.colcon_core.package_identification:_identify(src) by extension 'python'
[0.164s] Level 1:colcon.colcon_core.package_identification:_identify(src) by extensions ['python_setup_py']
[0.164s] Level 1:colcon.colcon_core.package_identification:_identify(src) by extension 'python_setup_py'
[0.164s] Level 1:colcon.colcon_core.package_identification:_identify(src/robot_launcher_gucci) by extensions ['ignore', 'ignore_ament_install']
[0.165s] Level 1:colcon.colcon_core.package_identification:_identify(src/robot_launcher_gucci) by extension 'ignore'
[0.165s] Level 1:colcon.colcon_core.package_identification:_identify(src/robot_launcher_gucci) by extension 'ignore_ament_install'
[0.165s] Level 1:colcon.colcon_core.package_identification:_identify(src/robot_launcher_gucci) by extensions ['colcon_pkg']
[0.165s] Level 1:colcon.colcon_core.package_identification:_identify(src/robot_launcher_gucci) by extension 'colcon_pkg'
[0.165s] Level 1:colcon.colcon_core.package_identification:_identify(src/robot_launcher_gucci) by extensions ['colcon_meta']
[0.165s] Level 1:colcon.colcon_core.package_identification:_identify(src/robot_launcher_gucci) by extension 'colcon_meta'
[0.165s] Level 1:colcon.colcon_core.package_identification:_identify(src/robot_launcher_gucci) by extensions ['ros']
[0.165s] Level 1:colcon.colcon_core.package_identification:_identify(src/robot_launcher_gucci) by extension 'ros'
[0.165s] Level 1:colcon.colcon_core.package_identification:_identify(src/robot_launcher_gucci) by extensions ['cmake', 'python']
[0.165s] Level 1:colcon.colcon_core.package_identification:_identify(src/robot_launcher_gucci) by extension 'cmake'
[0.165s] Level 1:colcon.colcon_core.package_identification:_identify(src/robot_launcher_gucci) by extension 'python'
[0.165s] Level 1:colcon.colcon_core.package_identification:_identify(src/robot_launcher_gucci) by extensions ['python_setup_py']
[0.165s] Level 1:colcon.colcon_core.package_identification:_identify(src/robot_launcher_gucci) by extension 'python_setup_py'
[0.165s] Level 1:colcon.colcon_core.package_identification:_identify(src/robot_launcher_gucci/booster_controller) by extensions ['ignore', 'ignore_ament_install']
[0.165s] Level 1:colcon.colcon_core.package_identification:_identify(src/robot_launcher_gucci/booster_controller) by extension 'ignore'
[0.165s] Level 1:colcon.colcon_core.package_identification:_identify(src/robot_launcher_gucci/booster_controller) by extension 'ignore_ament_install'
[0.165s] Level 1:colcon.colcon_core.package_identification:_identify(src/robot_launcher_gucci/booster_controller) by extensions ['colcon_pkg']
[0.165s] Level 1:colcon.colcon_core.package_identification:_identify(src/robot_launcher_gucci/booster_controller) by extension 'colcon_pkg'
[0.165s] Level 1:colcon.colcon_core.package_identification:_identify(src/robot_launcher_gucci/booster_controller) by extensions ['colcon_meta']
[0.165s] Level 1:colcon.colcon_core.package_identification:_identify(src/robot_launcher_gucci/booster_controller) by extension 'colcon_meta'
[0.165s] Level 1:colcon.colcon_core.package_identification:_identify(src/robot_launcher_gucci/booster_controller) by extensions ['ros']
[0.165s] Level 1:colcon.colcon_core.package_identification:_identify(src/robot_launcher_gucci/booster_controller) by extension 'ros'
[0.166s] DEBUG:colcon.colcon_core.package_identification:Package 'src/robot_launcher_gucci/booster_controller' with type 'ros.ament_cmake' and name 'booster_controller'
[0.166s] Level 1:colcon.colcon_core.package_identification:_identify(src/robot_launcher_gucci/booster_policies) by extensions ['ignore', 'ignore_ament_install']
[0.166s] Level 1:colcon.colcon_core.package_identification:_identify(src/robot_launcher_gucci/booster_policies) by extension 'ignore'
[0.166s] Level 1:colcon.colcon_core.package_identification:_identify(src/robot_launcher_gucci/booster_policies) by extension 'ignore_ament_install'
[0.166s] Level 1:colcon.colcon_core.package_identification:_identify(src/robot_launcher_gucci/booster_policies) by extensions ['colcon_pkg']
[0.166s] Level 1:colcon.colcon_core.package_identification:_identify(src/robot_launcher_gucci/booster_policies) by extension 'colcon_pkg'
[0.166s] Level 1:colcon.colcon_core.package_identification:_identify(src/robot_launcher_gucci/booster_policies) by extensions ['colcon_meta']
[0.166s] Level 1:colcon.colcon_core.package_identification:_identify(src/robot_launcher_gucci/booster_policies) by extension 'colcon_meta'
[0.167s] Level 1:colcon.colcon_core.package_identification:_identify(src/robot_launcher_gucci/booster_policies) by extensions ['ros']
[0.167s] Level 1:colcon.colcon_core.package_identification:_identify(src/robot_launcher_gucci/booster_policies) by extension 'ros'
[0.167s] DEBUG:colcon.colcon_core.package_identification:Package 'src/robot_launcher_gucci/booster_policies' with type 'ros.ament_cmake' and name 'booster_policies'
[0.167s] Level 1:colcon.colcon_core.package_identification:_identify(src/robot_launcher_gucci/booster_ros2_interface) by extensions ['ignore', 'ignore_ament_install']
[0.167s] Level 1:colcon.colcon_core.package_identification:_identify(src/robot_launcher_gucci/booster_ros2_interface) by extension 'ignore'
[0.168s] Level 1:colcon.colcon_core.package_identification:_identify(src/robot_launcher_gucci/booster_ros2_interface) by extension 'ignore_ament_install'
[0.168s] Level 1:colcon.colcon_core.package_identification:_identify(src/robot_launcher_gucci/booster_ros2_interface) by extensions ['colcon_pkg']
[0.168s] Level 1:colcon.colcon_core.package_identification:_identify(src/robot_launcher_gucci/booster_ros2_interface) by extension 'colcon_pkg'
[0.168s] Level 1:colcon.colcon_core.package_identification:_identify(src/robot_launcher_gucci/booster_ros2_interface) by extensions ['colcon_meta']
[0.168s] Level 1:colcon.colcon_core.package_identification:_identify(src/robot_launcher_gucci/booster_ros2_interface) by extension 'colcon_meta'
[0.168s] Level 1:colcon.colcon_core.package_identification:_identify(src/robot_launcher_gucci/booster_ros2_interface) by extensions ['ros']
[0.168s] Level 1:colcon.colcon_core.package_identification:_identify(src/robot_launcher_gucci/booster_ros2_interface) by extension 'ros'
[0.168s] DEBUG:colcon.colcon_core.package_identification:Package 'src/robot_launcher_gucci/booster_ros2_interface' with type 'ros.ament_cmake' and name 'booster_interface'
[0.168s] Level 1:colcon.colcon_core.package_identification:_identify(src/robot_launcher_gucci/mimic_k1_data) by extensions ['ignore', 'ignore_ament_install']
[0.168s] Level 1:colcon.colcon_core.package_identification:_identify(src/robot_launcher_gucci/mimic_k1_data) by extension 'ignore'
[0.168s] Level 1:colcon.colcon_core.package_identification:_identify(src/robot_launcher_gucci/mimic_k1_data) by extension 'ignore_ament_install'
[0.168s] Level 1:colcon.colcon_core.package_identification:_identify(src/robot_launcher_gucci/mimic_k1_data) by extensions ['colcon_pkg']
[0.168s] Level 1:colcon.colcon_core.package_identification:_identify(src/robot_launcher_gucci/mimic_k1_data) by extension 'colcon_pkg'
[0.168s] Level 1:colcon.colcon_core.package_identification:_identify(src/robot_launcher_gucci/mimic_k1_data) by extensions ['colcon_meta']
[0.168s] Level 1:colcon.colcon_core.package_identification:_identify(src/robot_launcher_gucci/mimic_k1_data) by extension 'colcon_meta'
[0.168s] Level 1:colcon.colcon_core.package_identification:_identify(src/robot_launcher_gucci/mimic_k1_data) by extensions ['ros']
[0.168s] Level 1:colcon.colcon_core.package_identification:_identify(src/robot_launcher_gucci/mimic_k1_data) by extension 'ros'
[0.168s] DEBUG:colcon.colcon_core.package_identification:Package 'src/robot_launcher_gucci/mimic_k1_data' with type 'ros.ament_cmake' and name 'mimic_k1_data'
[0.168s] Level 1:colcon.colcon_core.package_identification:_identify(src/robot_launcher_gucci/mujoco_robot_emulator) by extensions ['ignore', 'ignore_ament_install']
[0.169s] Level 1:colcon.colcon_core.package_identification:_identify(src/robot_launcher_gucci/mujoco_robot_emulator) by extension 'ignore'
[0.169s] Level 1:colcon.colcon_core.package_identification:_identify(src/robot_launcher_gucci/mujoco_robot_emulator) by extension 'ignore_ament_install'
[0.169s] Level 1:colcon.colcon_core.package_identification:_identify(src/robot_launcher_gucci/mujoco_robot_emulator) by extensions ['colcon_pkg']
[0.169s] Level 1:colcon.colcon_core.package_identification:_identify(src/robot_launcher_gucci/mujoco_robot_emulator) by extension 'colcon_pkg'
[0.169s] Level 1:colcon.colcon_core.package_identification:_identify(src/robot_launcher_gucci/mujoco_robot_emulator) by extensions ['colcon_meta']
[0.169s] Level 1:colcon.colcon_core.package_identification:_identify(src/robot_launcher_gucci/mujoco_robot_emulator) by extension 'colcon_meta'
[0.169s] Level 1:colcon.colcon_core.package_identification:_identify(src/robot_launcher_gucci/mujoco_robot_emulator) by extensions ['ros']
[0.169s] Level 1:colcon.colcon_core.package_identification:_identify(src/robot_launcher_gucci/mujoco_robot_emulator) by extension 'ros'
[0.169s] DEBUG:colcon.colcon_core.package_identification:Package 'src/robot_launcher_gucci/mujoco_robot_emulator' with type 'ros.ament_python' and name 'mujoco_robot_emulator'
[0.169s] Level 1:colcon.colcon_core.package_identification:_identify(src/robot_launcher_gucci/robot_launcher) by extensions ['ignore', 'ignore_ament_install']
[0.169s] Level 1:colcon.colcon_core.package_identification:_identify(src/robot_launcher_gucci/robot_launcher) by extension 'ignore'
[0.169s] Level 1:colcon.colcon_core.package_identification:_identify(src/robot_launcher_gucci/robot_launcher) by extension 'ignore_ament_install'
[0.169s] Level 1:colcon.colcon_core.package_identification:_identify(src/robot_launcher_gucci/robot_launcher) by extensions ['colcon_pkg']
[0.169s] Level 1:colcon.colcon_core.package_identification:_identify(src/robot_launcher_gucci/robot_launcher) by extension 'colcon_pkg'
[0.169s] Level 1:colcon.colcon_core.package_identification:_identify(src/robot_launcher_gucci/robot_launcher) by extensions ['colcon_meta']
[0.169s] Level 1:colcon.colcon_core.package_identification:_identify(src/robot_launcher_gucci/robot_launcher) by extension 'colcon_meta'
[0.169s] Level 1:colcon.colcon_core.package_identification:_identify(src/robot_launcher_gucci/robot_launcher) by extensions ['ros']
[0.169s] Level 1:colcon.colcon_core.package_identification:_identify(src/robot_launcher_gucci/robot_launcher) by extension 'ros'
[0.169s] DEBUG:colcon.colcon_core.package_identification:Package 'src/robot_launcher_gucci/robot_launcher' with type 'ros.ament_cmake' and name 'robot_launcher'
[0.169s] Level 1:colcon.colcon_core.package_discovery:discover_packages(recursive) using defaults
[0.169s] Level 1:colcon.colcon_core.package_discovery:discover_packages(ignore) discover
[0.169s] Level 1:colcon.colcon_core.package_discovery:discover_packages(ignore) using defaults
[0.169s] Level 1:colcon.colcon_core.package_discovery:discover_packages(path) discover
[0.169s] Level 1:colcon.colcon_core.package_discovery:discover_packages(path) using defaults
[0.180s] Level 1:colcon.colcon_core.package_discovery:discover_packages(prefix_path) check parameters
[0.180s] Level 1:colcon.colcon_core.package_discovery:discover_packages(prefix_path) discover
[0.181s] DEBUG:colcon.colcon_installed_package_information.package_discovery:Found 272 installed packages in /opt/ros/humble
[0.182s] Level 1:colcon.colcon_core.package_discovery:discover_packages(prefix_path) using defaults
[0.199s] Level 5:colcon.colcon_core.verb:set package 'booster_interface' build argument 'cmake_args' from command line to 'None'
[0.199s] Level 5:colcon.colcon_core.verb:set package 'booster_interface' build argument 'cmake_target' from command line to 'None'
[0.199s] Level 5:colcon.colcon_core.verb:set package 'booster_interface' build argument 'cmake_target_skip_unavailable' from command line to 'False'
[0.199s] Level 5:colcon.colcon_core.verb:set package 'booster_interface' build argument 'cmake_clean_cache' from command line to 'False'
[0.199s] Level 5:colcon.colcon_core.verb:set package 'booster_interface' build argument 'cmake_clean_first' from command line to 'False'
[0.199s] Level 5:colcon.colcon_core.verb:set package 'booster_interface' build argument 'cmake_force_configure' from command line to 'False'
[0.199s] Level 5:colcon.colcon_core.verb:set package 'booster_interface' build argument 'ament_cmake_args' from command line to 'None'
[0.199s] Level 5:colcon.colcon_core.verb:set package 'booster_interface' build argument 'catkin_cmake_args' from command line to 'None'
[0.199s] Level 5:colcon.colcon_core.verb:set package 'booster_interface' build argument 'catkin_skip_building_tests' from command line to 'False'
[0.199s] DEBUG:colcon.colcon_core.verb:Building package 'booster_interface' with the following arguments: {'ament_cmake_args': None, 'build_base': '/home/pathfinder/Projects/Starkit/booster_teleop/robot_deploy_fork_ws/build/booster_interface', 'catkin_cmake_args': None, 'catkin_skip_building_tests': False, 'cmake_args': None, 'cmake_clean_cache': False, 'cmake_clean_first': False, 'cmake_force_configure': False, 'cmake_target': None, 'cmake_target_skip_unavailable': False, 'install_base': '/home/pathfinder/Projects/Starkit/booster_teleop/robot_deploy_fork_ws/install/booster_interface', 'merge_install': False, 'path': '/home/pathfinder/Projects/Starkit/booster_teleop/robot_deploy_fork_ws/src/robot_launcher_gucci/booster_ros2_interface', 'symlink_install': False, 'test_result_base': None}
[0.199s] Level 5:colcon.colcon_core.verb:set package 'mimic_k1_data' build argument 'cmake_args' from command line to 'None'
[0.199s] Level 5:colcon.colcon_core.verb:set package 'mimic_k1_data' build argument 'cmake_target' from command line to 'None'
[0.199s] Level 5:colcon.colcon_core.verb:set package 'mimic_k1_data' build argument 'cmake_target_skip_unavailable' from command line to 'False'
[0.199s] Level 5:colcon.colcon_core.verb:set package 'mimic_k1_data' build argument 'cmake_clean_cache' from command line to 'False'
[0.199s] Level 5:colcon.colcon_core.verb:set package 'mimic_k1_data' build argument 'cmake_clean_first' from command line to 'False'
[0.199s] Level 5:colcon.colcon_core.verb:set package 'mimic_k1_data' build argument 'cmake_force_configure' from command line to 'False'
[0.199s] Level 5:colcon.colcon_core.verb:set package 'mimic_k1_data' build argument 'ament_cmake_args' from command line to 'None'
[0.199s] Level 5:colcon.colcon_core.verb:set package 'mimic_k1_data' build argument 'catkin_cmake_args' from command line to 'None'
[0.199s] Level 5:colcon.colcon_core.verb:set package 'mimic_k1_data' build argument 'catkin_skip_building_tests' from command line to 'False'
[0.199s] DEBUG:colcon.colcon_core.verb:Building package 'mimic_k1_data' with the following arguments: {'ament_cmake_args': None, 'build_base': '/home/pathfinder/Projects/Starkit/booster_teleop/robot_deploy_fork_ws/build/mimic_k1_data', 'catkin_cmake_args': None, 'catkin_skip_building_tests': False, 'cmake_args': None, 'cmake_clean_cache': False, 'cmake_clean_first': False, 'cmake_force_configure': False, 'cmake_target': None, 'cmake_target_skip_unavailable': False, 'install_base': '/home/pathfinder/Projects/Starkit/booster_teleop/robot_deploy_fork_ws/install/mimic_k1_data', 'merge_install': False, 'path': '/home/pathfinder/Projects/Starkit/booster_teleop/robot_deploy_fork_ws/src/robot_launcher_gucci/mimic_k1_data', 'symlink_install': False, 'test_result_base': None}
[0.200s] Level 5:colcon.colcon_core.verb:set package 'robot_launcher' build argument 'cmake_args' from command line to 'None'
[0.200s] Level 5:colcon.colcon_core.verb:set package 'robot_launcher' build argument 'cmake_target' from command line to 'None'
[0.200s] Level 5:colcon.colcon_core.verb:set package 'robot_launcher' build argument 'cmake_target_skip_unavailable' from command line to 'False'
[0.200s] Level 5:colcon.colcon_core.verb:set package 'robot_launcher' build argument 'cmake_clean_cache' from command line to 'False'
[0.200s] Level 5:colcon.colcon_core.verb:set package 'robot_launcher' build argument 'cmake_clean_first' from command line to 'False'
[0.200s] Level 5:colcon.colcon_core.verb:set package 'robot_launcher' build argument 'cmake_force_configure' from command line to 'False'
[0.200s] Level 5:colcon.colcon_core.verb:set package 'robot_launcher' build argument 'ament_cmake_args' from command line to 'None'
[0.200s] Level 5:colcon.colcon_core.verb:set package 'robot_launcher' build argument 'catkin_cmake_args' from command line to 'None'
[0.200s] Level 5:colcon.colcon_core.verb:set package 'robot_launcher' build argument 'catkin_skip_building_tests' from command line to 'False'
[0.200s] DEBUG:colcon.colcon_core.verb:Building package 'robot_launcher' with the following arguments: {'ament_cmake_args': None, 'build_base': '/home/pathfinder/Projects/Starkit/booster_teleop/robot_deploy_fork_ws/build/robot_launcher', 'catkin_cmake_args': None, 'catkin_skip_building_tests': False, 'cmake_args': None, 'cmake_clean_cache': False, 'cmake_clean_first': False, 'cmake_force_configure': False, 'cmake_target': None, 'cmake_target_skip_unavailable': False, 'install_base': '/home/pathfinder/Projects/Starkit/booster_teleop/robot_deploy_fork_ws/install/robot_launcher', 'merge_install': False, 'path': '/home/pathfinder/Projects/Starkit/booster_teleop/robot_deploy_fork_ws/src/robot_launcher_gucci/robot_launcher', 'symlink_install': False, 'test_result_base': None}
[0.200s] Level 5:colcon.colcon_core.verb:set package 'booster_controller' build argument 'cmake_args' from command line to 'None'
[0.200s] Level 5:colcon.colcon_core.verb:set package 'booster_controller' build argument 'cmake_target' from command line to 'None'
[0.200s] Level 5:colcon.colcon_core.verb:set package 'booster_controller' build argument 'cmake_target_skip_unavailable' from command line to 'False'
[0.200s] Level 5:colcon.colcon_core.verb:set package 'booster_controller' build argument 'cmake_clean_cache' from command line to 'False'
[0.200s] Level 5:colcon.colcon_core.verb:set package 'booster_controller' build argument 'cmake_clean_first' from command line to 'False'
[0.200s] Level 5:colcon.colcon_core.verb:set package 'booster_controller' build argument 'cmake_force_configure' from command line to 'False'
[0.200s] Level 5:colcon.colcon_core.verb:set package 'booster_controller' build argument 'ament_cmake_args' from command line to 'None'
[0.200s] Level 5:colcon.colcon_core.verb:set package 'booster_controller' build argument 'catkin_cmake_args' from command line to 'None'
[0.200s] Level 5:colcon.colcon_core.verb:set package 'booster_controller' build argument 'catkin_skip_building_tests' from command line to 'False'
[0.200s] DEBUG:colcon.colcon_core.verb:Building package 'booster_controller' with the following arguments: {'ament_cmake_args': None, 'build_base': '/home/pathfinder/Projects/Starkit/booster_teleop/robot_deploy_fork_ws/build/booster_controller', 'catkin_cmake_args': None, 'catkin_skip_building_tests': False, 'cmake_args': None, 'cmake_clean_cache': False, 'cmake_clean_first': False, 'cmake_force_configure': False, 'cmake_target': None, 'cmake_target_skip_unavailable': False, 'install_base': '/home/pathfinder/Projects/Starkit/booster_teleop/robot_deploy_fork_ws/install/booster_controller', 'merge_install': False, 'path': '/home/pathfinder/Projects/Starkit/booster_teleop/robot_deploy_fork_ws/src/robot_launcher_gucci/booster_controller', 'symlink_install': False, 'test_result_base': None}
[0.200s] Level 5:colcon.colcon_core.verb:set package 'booster_policies' build argument 'cmake_args' from command line to 'None'
[0.200s] Level 5:colcon.colcon_core.verb:set package 'booster_policies' build argument 'cmake_target' from command line to 'None'
[0.200s] Level 5:colcon.colcon_core.verb:set package 'booster_policies' build argument 'cmake_target_skip_unavailable' from command line to 'False'
[0.200s] Level 5:colcon.colcon_core.verb:set package 'booster_policies' build argument 'cmake_clean_cache' from command line to 'False'
[0.200s] Level 5:colcon.colcon_core.verb:set package 'booster_policies' build argument 'cmake_clean_first' from command line to 'False'
[0.200s] Level 5:colcon.colcon_core.verb:set package 'booster_policies' build argument 'cmake_force_configure' from command line to 'False'
[0.200s] Level 5:colcon.colcon_core.verb:set package 'booster_policies' build argument 'ament_cmake_args' from command line to 'None'
[0.200s] Level 5:colcon.colcon_core.verb:set package 'booster_policies' build argument 'catkin_cmake_args' from command line to 'None'
[0.200s] Level 5:colcon.colcon_core.verb:set package 'booster_policies' build argument 'catkin_skip_building_tests' from command line to 'False'
[0.200s] DEBUG:colcon.colcon_core.verb:Building package 'booster_policies' with the following arguments: {'ament_cmake_args': None, 'build_base': '/home/pathfinder/Projects/Starkit/booster_teleop/robot_deploy_fork_ws/build/booster_policies', 'catkin_cmake_args': None, 'catkin_skip_building_tests': False, 'cmake_args': None, 'cmake_clean_cache': False, 'cmake_clean_first': False, 'cmake_force_configure': False, 'cmake_target': None, 'cmake_target_skip_unavailable': False, 'install_base': '/home/pathfinder/Projects/Starkit/booster_teleop/robot_deploy_fork_ws/install/booster_policies', 'merge_install': False, 'path': '/home/pathfinder/Projects/Starkit/booster_teleop/robot_deploy_fork_ws/src/robot_launcher_gucci/booster_policies', 'symlink_install': False, 'test_result_base': None}
[0.200s] Level 5:colcon.colcon_core.verb:set package 'mujoco_robot_emulator' build argument 'cmake_args' from command line to 'None'
[0.200s] Level 5:colcon.colcon_core.verb:set package 'mujoco_robot_emulator' build argument 'cmake_target' from command line to 'None'
[0.200s] Level 5:colcon.colcon_core.verb:set package 'mujoco_robot_emulator' build argument 'cmake_target_skip_unavailable' from command line to 'False'
[0.200s] Level 5:colcon.colcon_core.verb:set package 'mujoco_robot_emulator' build argument 'cmake_clean_cache' from command line to 'False'
[0.200s] Level 5:colcon.colcon_core.verb:set package 'mujoco_robot_emulator' build argument 'cmake_clean_first' from command line to 'False'
[0.200s] Level 5:colcon.colcon_core.verb:set package 'mujoco_robot_emulator' build argument 'cmake_force_configure' from command line to 'False'
[0.200s] Level 5:colcon.colcon_core.verb:set package 'mujoco_robot_emulator' build argument 'ament_cmake_args' from command line to 'None'
[0.200s] Level 5:colcon.colcon_core.verb:set package 'mujoco_robot_emulator' build argument 'catkin_cmake_args' from command line to 'None'
[0.200s] Level 5:colcon.colcon_core.verb:set package 'mujoco_robot_emulator' build argument 'catkin_skip_building_tests' from command line to 'False'
[0.200s] DEBUG:colcon.colcon_core.verb:Building package 'mujoco_robot_emulator' with the following arguments: {'ament_cmake_args': None, 'build_base': '/home/pathfinder/Projects/Starkit/booster_teleop/robot_deploy_fork_ws/build/mujoco_robot_emulator', 'catkin_cmake_args': None, 'catkin_skip_building_tests': False, 'cmake_args': None, 'cmake_clean_cache': False, 'cmake_clean_first': False, 'cmake_force_configure': False, 'cmake_target': None, 'cmake_target_skip_unavailable': False, 'install_base': '/home/pathfinder/Projects/Starkit/booster_teleop/robot_deploy_fork_ws/install/mujoco_robot_emulator', 'merge_install': False, 'path': '/home/pathfinder/Projects/Starkit/booster_teleop/robot_deploy_fork_ws/src/robot_launcher_gucci/mujoco_robot_emulator', 'symlink_install': False, 'test_result_base': None}
[0.200s] INFO:colcon.colcon_core.executor:Executing jobs using 'parallel' executor
[0.201s] DEBUG:colcon.colcon_parallel_executor.executor.parallel:run_until_complete
[0.201s] INFO:colcon.colcon_ros.task.ament_cmake.build:Building ROS package in '/home/pathfinder/Projects/Starkit/booster_teleop/robot_deploy_fork_ws/src/robot_launcher_gucci/booster_ros2_interface' with build type 'ament_cmake'
[0.201s] INFO:colcon.colcon_cmake.task.cmake.build:Building CMake package in '/home/pathfinder/Projects/Starkit/booster_teleop/robot_deploy_fork_ws/src/robot_launcher_gucci/booster_ros2_interface'
[0.202s] INFO:colcon.colcon_core.plugin_system:Skipping extension 'colcon_core.shell.bat': Not used on non-Windows systems
[0.203s] INFO:colcon.colcon_core.shell:Skip shell extension 'powershell' for command environment: Not usable outside of PowerShell
[0.203s] DEBUG:colcon.colcon_core.shell:Skip shell extension 'dsv' for command environment
[0.204s] INFO:colcon.colcon_ros.task.ament_cmake.build:Building ROS package in '/home/pathfinder/Projects/Starkit/booster_teleop/robot_deploy_fork_ws/src/robot_launcher_gucci/mimic_k1_data' with build type 'ament_cmake'
[0.204s] INFO:colcon.colcon_cmake.task.cmake.build:Building CMake package in '/home/pathfinder/Projects/Starkit/booster_teleop/robot_deploy_fork_ws/src/robot_launcher_gucci/mimic_k1_data'
[0.204s] INFO:colcon.colcon_core.shell:Skip shell extension 'powershell' for command environment: Not usable outside of PowerShell
[0.204s] DEBUG:colcon.colcon_core.shell:Skip shell extension 'dsv' for command environment
[0.206s] INFO:colcon.colcon_ros.task.ament_cmake.build:Building ROS package in '/home/pathfinder/Projects/Starkit/booster_teleop/robot_deploy_fork_ws/src/robot_launcher_gucci/robot_launcher' with build type 'ament_cmake'
[0.206s] INFO:colcon.colcon_cmake.task.cmake.build:Building CMake package in '/home/pathfinder/Projects/Starkit/booster_teleop/robot_deploy_fork_ws/src/robot_launcher_gucci/robot_launcher'
[0.206s] INFO:colcon.colcon_core.shell:Skip shell extension 'powershell' for command environment: Not usable outside of PowerShell
[0.206s] DEBUG:colcon.colcon_core.shell:Skip shell extension 'dsv' for command environment
[0.209s] DEBUG:colcon.colcon_core.event_handler.log_command:Invoking command in '/home/pathfinder/Projects/Starkit/booster_teleop/robot_deploy_fork_ws/build/booster_interface': CMAKE_PREFIX_PATH=/opt/ros/humble CONDA_PROMPT_MODIFIER=(robot_deploy) /usr/bin/cmake /home/pathfinder/Projects/Starkit/booster_teleop/robot_deploy_fork_ws/src/robot_launcher_gucci/booster_ros2_interface -DCMAKE_INSTALL_PREFIX=/home/pathfinder/Projects/Starkit/booster_teleop/robot_deploy_fork_ws/install/booster_interface
[0.212s] DEBUG:colcon.colcon_core.event_handler.log_command:Invoking command in '/home/pathfinder/Projects/Starkit/booster_teleop/robot_deploy_fork_ws/build/mimic_k1_data': CMAKE_PREFIX_PATH=/opt/ros/humble CONDA_PROMPT_MODIFIER=(robot_deploy) /usr/bin/cmake /home/pathfinder/Projects/Starkit/booster_teleop/robot_deploy_fork_ws/src/robot_launcher_gucci/mimic_k1_data -DCMAKE_INSTALL_PREFIX=/home/pathfinder/Projects/Starkit/booster_teleop/robot_deploy_fork_ws/install/mimic_k1_data
[0.213s] DEBUG:colcon.colcon_core.event_handler.log_command:Invoking command in '/home/pathfinder/Projects/Starkit/booster_teleop/robot_deploy_fork_ws/build/robot_launcher': CMAKE_PREFIX_PATH=/opt/ros/humble CONDA_PROMPT_MODIFIER=(robot_deploy) /usr/bin/cmake /home/pathfinder/Projects/Starkit/booster_teleop/robot_deploy_fork_ws/src/robot_launcher_gucci/robot_launcher -DCMAKE_INSTALL_PREFIX=/home/pathfinder/Projects/Starkit/booster_teleop/robot_deploy_fork_ws/install/robot_launcher
[0.752s] DEBUG:colcon.colcon_core.event_handler.log_command:Invoked command in '/home/pathfinder/Projects/Starkit/booster_teleop/robot_deploy_fork_ws/build/robot_launcher' returned '0': CMAKE_PREFIX_PATH=/opt/ros/humble CONDA_PROMPT_MODIFIER=(robot_deploy) /usr/bin/cmake /home/pathfinder/Projects/Starkit/booster_teleop/robot_deploy_fork_ws/src/robot_launcher_gucci/robot_launcher -DCMAKE_INSTALL_PREFIX=/home/pathfinder/Projects/Starkit/booster_teleop/robot_deploy_fork_ws/install/robot_launcher
[0.753s] DEBUG:colcon.colcon_core.event_handler.log_command:Invoking command in '/home/pathfinder/Projects/Starkit/booster_teleop/robot_deploy_fork_ws/build/robot_launcher': CMAKE_PREFIX_PATH=/opt/ros/humble CONDA_PROMPT_MODIFIER=(robot_deploy) /usr/bin/cmake --build /home/pathfinder/Projects/Starkit/booster_teleop/robot_deploy_fork_ws/build/robot_launcher -- -j20 -l20
[0.764s] DEBUG:colcon.colcon_core.event_handler.log_command:Invoked command in '/home/pathfinder/Projects/Starkit/booster_teleop/robot_deploy_fork_ws/build/mimic_k1_data' returned '0': CMAKE_PREFIX_PATH=/opt/ros/humble CONDA_PROMPT_MODIFIER=(robot_deploy) /usr/bin/cmake /home/pathfinder/Projects/Starkit/booster_teleop/robot_deploy_fork_ws/src/robot_launcher_gucci/mimic_k1_data -DCMAKE_INSTALL_PREFIX=/home/pathfinder/Projects/Starkit/booster_teleop/robot_deploy_fork_ws/install/mimic_k1_data
[0.765s] DEBUG:colcon.colcon_core.event_handler.log_command:Invoking command in '/home/pathfinder/Projects/Starkit/booster_teleop/robot_deploy_fork_ws/build/mimic_k1_data': CMAKE_PREFIX_PATH=/opt/ros/humble CONDA_PROMPT_MODIFIER=(robot_deploy) /usr/bin/cmake --build /home/pathfinder/Projects/Starkit/booster_teleop/robot_deploy_fork_ws/build/mimic_k1_data -- -j20 -l20
[0.777s] DEBUG:colcon.colcon_core.event_handler.log_command:Invoked command in '/home/pathfinder/Projects/Starkit/booster_teleop/robot_deploy_fork_ws/build/robot_launcher' returned '0': CMAKE_PREFIX_PATH=/opt/ros/humble CONDA_PROMPT_MODIFIER=(robot_deploy) /usr/bin/cmake --build /home/pathfinder/Projects/Starkit/booster_teleop/robot_deploy_fork_ws/build/robot_launcher -- -j20 -l20
[0.784s] DEBUG:colcon.colcon_core.event_handler.log_command:Invoking command in '/home/pathfinder/Projects/Starkit/booster_teleop/robot_deploy_fork_ws/build/robot_launcher': CMAKE_PREFIX_PATH=/opt/ros/humble CONDA_PROMPT_MODIFIER=(robot_deploy) /usr/bin/cmake --install /home/pathfinder/Projects/Starkit/booster_teleop/robot_deploy_fork_ws/build/robot_launcher
[0.787s] DEBUG:colcon.colcon_core.event_handler.log_command:Invoked command in '/home/pathfinder/Projects/Starkit/booster_teleop/robot_deploy_fork_ws/build/mimic_k1_data' returned '0': CMAKE_PREFIX_PATH=/opt/ros/humble CONDA_PROMPT_MODIFIER=(robot_deploy) /usr/bin/cmake --build /home/pathfinder/Projects/Starkit/booster_teleop/robot_deploy_fork_ws/build/mimic_k1_data -- -j20 -l20
[0.789s] DEBUG:colcon.colcon_core.event_handler.log_command:Invoking command in '/home/pathfinder/Projects/Starkit/booster_teleop/robot_deploy_fork_ws/build/mimic_k1_data': CMAKE_PREFIX_PATH=/opt/ros/humble CONDA_PROMPT_MODIFIER=(robot_deploy) /usr/bin/cmake --install /home/pathfinder/Projects/Starkit/booster_teleop/robot_deploy_fork_ws/build/mimic_k1_data
[0.790s] Level 1:colcon.colcon_core.environment:create_environment_scripts_only(robot_launcher)
[0.790s] DEBUG:colcon.colcon_core.event_handler.log_command:Invoked command in '/home/pathfinder/Projects/Starkit/booster_teleop/robot_deploy_fork_ws/build/robot_launcher' returned '0': CMAKE_PREFIX_PATH=/opt/ros/humble CONDA_PROMPT_MODIFIER=(robot_deploy) /usr/bin/cmake --install /home/pathfinder/Projects/Starkit/booster_teleop/robot_deploy_fork_ws/build/robot_launcher
[0.792s] Level 1:colcon.colcon_core.environment:checking '/home/pathfinder/Projects/Starkit/booster_teleop/robot_deploy_fork_ws/install/robot_launcher' for CMake module files
[0.793s] Level 1:colcon.colcon_core.environment:checking '/home/pathfinder/Projects/Starkit/booster_teleop/robot_deploy_fork_ws/install/robot_launcher' for CMake config files
[0.793s] Level 1:colcon.colcon_core.shell:create_environment_hook('robot_launcher', 'cmake_prefix_path')
[0.793s] INFO:colcon.colcon_core.shell:Creating environment hook '/home/pathfinder/Projects/Starkit/booster_teleop/robot_deploy_fork_ws/install/robot_launcher/share/robot_launcher/hook/cmake_prefix_path.ps1'
[0.794s] INFO:colcon.colcon_core.shell:Creating environment descriptor '/home/pathfinder/Projects/Starkit/booster_teleop/robot_deploy_fork_ws/install/robot_launcher/share/robot_launcher/hook/cmake_prefix_path.dsv'
[0.794s] INFO:colcon.colcon_core.shell:Creating environment hook '/home/pathfinder/Projects/Starkit/booster_teleop/robot_deploy_fork_ws/install/robot_launcher/share/robot_launcher/hook/cmake_prefix_path.sh'
[0.795s] Level 1:colcon.colcon_core.environment:checking '/home/pathfinder/Projects/Starkit/booster_teleop/robot_deploy_fork_ws/install/robot_launcher/bin'
[0.795s] Level 1:colcon.colcon_core.environment:checking '/home/pathfinder/Projects/Starkit/booster_teleop/robot_deploy_fork_ws/install/robot_launcher/lib/pkgconfig/robot_launcher.pc'
[0.795s] Level 1:colcon.colcon_core.environment:checking '/home/pathfinder/Projects/Starkit/booster_teleop/robot_deploy_fork_ws/install/robot_launcher/lib/python3.10/site-packages'
[0.796s] Level 1:colcon.colcon_core.environment:checking '/home/pathfinder/Projects/Starkit/booster_teleop/robot_deploy_fork_ws/install/robot_launcher/bin'
[0.796s] INFO:colcon.colcon_core.shell:Creating package script '/home/pathfinder/Projects/Starkit/booster_teleop/robot_deploy_fork_ws/install/robot_launcher/share/robot_launcher/package.ps1'
[0.797s] INFO:colcon.colcon_core.shell:Creating package descriptor '/home/pathfinder/Projects/Starkit/booster_teleop/robot_deploy_fork_ws/install/robot_launcher/share/robot_launcher/package.dsv'
[0.798s] INFO:colcon.colcon_core.shell:Creating package script '/home/pathfinder/Projects/Starkit/booster_teleop/robot_deploy_fork_ws/install/robot_launcher/share/robot_launcher/package.sh'
[0.799s] INFO:colcon.colcon_core.shell:Creating package script '/home/pathfinder/Projects/Starkit/booster_teleop/robot_deploy_fork_ws/install/robot_launcher/share/robot_launcher/package.bash'
[0.800s] INFO:colcon.colcon_core.shell:Creating package script '/home/pathfinder/Projects/Starkit/booster_teleop/robot_deploy_fork_ws/install/robot_launcher/share/robot_launcher/package.zsh'
[0.800s] Level 1:colcon.colcon_core.environment:create_file_with_runtime_dependencies(/home/pathfinder/Projects/Starkit/booster_teleop/robot_deploy_fork_ws/install/robot_launcher/share/colcon-core/packages/robot_launcher)
[0.801s] Level 1:colcon.colcon_core.environment:create_environment_scripts_only(robot_launcher)
[0.801s] Level 1:colcon.colcon_core.environment:checking '/home/pathfinder/Projects/Starkit/booster_teleop/robot_deploy_fork_ws/install/robot_launcher' for CMake module files
[0.802s] Level 1:colcon.colcon_core.environment:checking '/home/pathfinder/Projects/Starkit/booster_teleop/robot_deploy_fork_ws/install/robot_launcher' for CMake config files
[0.802s] Level 1:colcon.colcon_core.shell:create_environment_hook('robot_launcher', 'cmake_prefix_path')
[0.802s] INFO:colcon.colcon_core.shell:Creating environment hook '/home/pathfinder/Projects/Starkit/booster_teleop/robot_deploy_fork_ws/install/robot_launcher/share/robot_launcher/hook/cmake_prefix_path.ps1'
[0.803s] INFO:colcon.colcon_core.shell:Creating environment descriptor '/home/pathfinder/Projects/Starkit/booster_teleop/robot_deploy_fork_ws/install/robot_launcher/share/robot_launcher/hook/cmake_prefix_path.dsv'
[0.803s] INFO:colcon.colcon_core.shell:Creating environment hook '/home/pathfinder/Projects/Starkit/booster_teleop/robot_deploy_fork_ws/install/robot_launcher/share/robot_launcher/hook/cmake_prefix_path.sh'
[0.804s] Level 1:colcon.colcon_core.environment:checking '/home/pathfinder/Projects/Starkit/booster_teleop/robot_deploy_fork_ws/install/robot_launcher/bin'
[0.804s] Level 1:colcon.colcon_core.environment:checking '/home/pathfinder/Projects/Starkit/booster_teleop/robot_deploy_fork_ws/install/robot_launcher/lib/pkgconfig/robot_launcher.pc'
[0.804s] Level 1:colcon.colcon_core.environment:checking '/home/pathfinder/Projects/Starkit/booster_teleop/robot_deploy_fork_ws/install/robot_launcher/lib/python3.10/site-packages'
[0.804s] Level 1:colcon.colcon_core.environment:checking '/home/pathfinder/Projects/Starkit/booster_teleop/robot_deploy_fork_ws/install/robot_launcher/bin'
[0.804s] INFO:colcon.colcon_core.shell:Creating package script '/home/pathfinder/Projects/Starkit/booster_teleop/robot_deploy_fork_ws/install/robot_launcher/share/robot_launcher/package.ps1'
[0.805s] INFO:colcon.colcon_core.shell:Creating package descriptor '/home/pathfinder/Projects/Starkit/booster_teleop/robot_deploy_fork_ws/install/robot_launcher/share/robot_launcher/package.dsv'
[0.805s] INFO:colcon.colcon_core.shell:Creating package script '/home/pathfinder/Projects/Starkit/booster_teleop/robot_deploy_fork_ws/install/robot_launcher/share/robot_launcher/package.sh'
[0.806s] INFO:colcon.colcon_core.shell:Creating package script '/home/pathfinder/Projects/Starkit/booster_teleop/robot_deploy_fork_ws/install/robot_launcher/share/robot_launcher/package.bash'
[0.806s] INFO:colcon.colcon_core.shell:Creating package script '/home/pathfinder/Projects/Starkit/booster_teleop/robot_deploy_fork_ws/install/robot_launcher/share/robot_launcher/package.zsh'
[0.807s] Level 1:colcon.colcon_core.environment:create_file_with_runtime_dependencies(/home/pathfinder/Projects/Starkit/booster_teleop/robot_deploy_fork_ws/install/robot_launcher/share/colcon-core/packages/robot_launcher)
[0.813s] Level 1:colcon.colcon_core.environment:create_environment_scripts_only(mimic_k1_data)
[0.814s] DEBUG:colcon.colcon_core.event_handler.log_command:Invoked command in '/home/pathfinder/Projects/Starkit/booster_teleop/robot_deploy_fork_ws/build/mimic_k1_data' returned '0': CMAKE_PREFIX_PATH=/opt/ros/humble CONDA_PROMPT_MODIFIER=(robot_deploy) /usr/bin/cmake --install /home/pathfinder/Projects/Starkit/booster_teleop/robot_deploy_fork_ws/build/mimic_k1_data
[0.814s] Level 1:colcon.colcon_core.environment:checking '/home/pathfinder/Projects/Starkit/booster_teleop/robot_deploy_fork_ws/install/mimic_k1_data' for CMake module files
[0.814s] Level 1:colcon.colcon_core.environment:checking '/home/pathfinder/Projects/Starkit/booster_teleop/robot_deploy_fork_ws/install/mimic_k1_data' for CMake config files
[0.814s] Level 1:colcon.colcon_core.shell:create_environment_hook('mimic_k1_data', 'cmake_prefix_path')
[0.814s] INFO:colcon.colcon_core.shell:Creating environment hook '/home/pathfinder/Projects/Starkit/booster_teleop/robot_deploy_fork_ws/install/mimic_k1_data/share/mimic_k1_data/hook/cmake_prefix_path.ps1'
[0.815s] INFO:colcon.colcon_core.shell:Creating environment descriptor '/home/pathfinder/Projects/Starkit/booster_teleop/robot_deploy_fork_ws/install/mimic_k1_data/share/mimic_k1_data/hook/cmake_prefix_path.dsv'
[0.815s] INFO:colcon.colcon_core.shell:Creating environment hook '/home/pathfinder/Projects/Starkit/booster_teleop/robot_deploy_fork_ws/install/mimic_k1_data/share/mimic_k1_data/hook/cmake_prefix_path.sh'
[0.815s] Level 1:colcon.colcon_core.environment:checking '/home/pathfinder/Projects/Starkit/booster_teleop/robot_deploy_fork_ws/install/mimic_k1_data/bin'
[0.815s] Level 1:colcon.colcon_core.environment:checking '/home/pathfinder/Projects/Starkit/booster_teleop/robot_deploy_fork_ws/install/mimic_k1_data/lib/pkgconfig/mimic_k1_data.pc'
[0.815s] Level 1:colcon.colcon_core.environment:checking '/home/pathfinder/Projects/Starkit/booster_teleop/robot_deploy_fork_ws/install/mimic_k1_data/lib/python3.10/site-packages'
[0.815s] Level 1:colcon.colcon_core.environment:checking '/home/pathfinder/Projects/Starkit/booster_teleop/robot_deploy_fork_ws/install/mimic_k1_data/bin'
[0.816s] INFO:colcon.colcon_core.shell:Creating package script '/home/pathfinder/Projects/Starkit/booster_teleop/robot_deploy_fork_ws/install/mimic_k1_data/share/mimic_k1_data/package.ps1'
[0.816s] INFO:colcon.colcon_core.shell:Creating package descriptor '/home/pathfinder/Projects/Starkit/booster_teleop/robot_deploy_fork_ws/install/mimic_k1_data/share/mimic_k1_data/package.dsv'
[0.816s] INFO:colcon.colcon_core.shell:Creating package script '/home/pathfinder/Projects/Starkit/booster_teleop/robot_deploy_fork_ws/install/mimic_k1_data/share/mimic_k1_data/package.sh'
[0.816s] INFO:colcon.colcon_core.shell:Creating package script '/home/pathfinder/Projects/Starkit/booster_teleop/robot_deploy_fork_ws/install/mimic_k1_data/share/mimic_k1_data/package.bash'
[0.816s] INFO:colcon.colcon_core.shell:Creating package script '/home/pathfinder/Projects/Starkit/booster_teleop/robot_deploy_fork_ws/install/mimic_k1_data/share/mimic_k1_data/package.zsh'
[0.817s] Level 1:colcon.colcon_core.environment:create_file_with_runtime_dependencies(/home/pathfinder/Projects/Starkit/booster_teleop/robot_deploy_fork_ws/install/mimic_k1_data/share/colcon-core/packages/mimic_k1_data)
[0.817s] Level 1:colcon.colcon_core.environment:create_environment_scripts_only(mimic_k1_data)
[0.817s] Level 1:colcon.colcon_core.environment:checking '/home/pathfinder/Projects/Starkit/booster_teleop/robot_deploy_fork_ws/install/mimic_k1_data' for CMake module files
[0.817s] Level 1:colcon.colcon_core.environment:checking '/home/pathfinder/Projects/Starkit/booster_teleop/robot_deploy_fork_ws/install/mimic_k1_data' for CMake config files
[0.817s] Level 1:colcon.colcon_core.shell:create_environment_hook('mimic_k1_data', 'cmake_prefix_path')
[0.817s] INFO:colcon.colcon_core.shell:Creating environment hook '/home/pathfinder/Projects/Starkit/booster_teleop/robot_deploy_fork_ws/install/mimic_k1_data/share/mimic_k1_data/hook/cmake_prefix_path.ps1'
[0.818s] INFO:colcon.colcon_core.shell:Creating environment descriptor '/home/pathfinder/Projects/Starkit/booster_teleop/robot_deploy_fork_ws/install/mimic_k1_data/share/mimic_k1_data/hook/cmake_prefix_path.dsv'
[0.818s] INFO:colcon.colcon_core.shell:Creating environment hook '/home/pathfinder/Projects/Starkit/booster_teleop/robot_deploy_fork_ws/install/mimic_k1_data/share/mimic_k1_data/hook/cmake_prefix_path.sh'
[0.818s] Level 1:colcon.colcon_core.environment:checking '/home/pathfinder/Projects/Starkit/booster_teleop/robot_deploy_fork_ws/install/mimic_k1_data/bin'
[0.818s] Level 1:colcon.colcon_core.environment:checking '/home/pathfinder/Projects/Starkit/booster_teleop/robot_deploy_fork_ws/install/mimic_k1_data/lib/pkgconfig/mimic_k1_data.pc'
[0.818s] Level 1:colcon.colcon_core.environment:checking '/home/pathfinder/Projects/Starkit/booster_teleop/robot_deploy_fork_ws/install/mimic_k1_data/lib/python3.10/site-packages'
[0.818s] Level 1:colcon.colcon_core.environment:checking '/home/pathfinder/Projects/Starkit/booster_teleop/robot_deploy_fork_ws/install/mimic_k1_data/bin'
[0.819s] INFO:colcon.colcon_core.shell:Creating package script '/home/pathfinder/Projects/Starkit/booster_teleop/robot_deploy_fork_ws/install/mimic_k1_data/share/mimic_k1_data/package.ps1'
[0.819s] INFO:colcon.colcon_core.shell:Creating package descriptor '/home/pathfinder/Projects/Starkit/booster_teleop/robot_deploy_fork_ws/install/mimic_k1_data/share/mimic_k1_data/package.dsv'
[0.819s] INFO:colcon.colcon_core.shell:Creating package script '/home/pathfinder/Projects/Starkit/booster_teleop/robot_deploy_fork_ws/install/mimic_k1_data/share/mimic_k1_data/package.sh'
[0.819s] INFO:colcon.colcon_core.shell:Creating package script '/home/pathfinder/Projects/Starkit/booster_teleop/robot_deploy_fork_ws/install/mimic_k1_data/share/mimic_k1_data/package.bash'
[0.820s] INFO:colcon.colcon_core.shell:Creating package script '/home/pathfinder/Projects/Starkit/booster_teleop/robot_deploy_fork_ws/install/mimic_k1_data/share/mimic_k1_data/package.zsh'
[0.820s] Level 1:colcon.colcon_core.environment:create_file_with_runtime_dependencies(/home/pathfinder/Projects/Starkit/booster_teleop/robot_deploy_fork_ws/install/mimic_k1_data/share/colcon-core/packages/mimic_k1_data)
[1.821s] DEBUG:colcon.colcon_core.event_handler.log_command:Invoked command in '/home/pathfinder/Projects/Starkit/booster_teleop/robot_deploy_fork_ws/build/booster_interface' returned '0': CMAKE_PREFIX_PATH=/opt/ros/humble CONDA_PROMPT_MODIFIER=(robot_deploy) /usr/bin/cmake /home/pathfinder/Projects/Starkit/booster_teleop/robot_deploy_fork_ws/src/robot_launcher_gucci/booster_ros2_interface -DCMAKE_INSTALL_PREFIX=/home/pathfinder/Projects/Starkit/booster_teleop/robot_deploy_fork_ws/install/booster_interface
[1.822s] DEBUG:colcon.colcon_core.event_handler.log_command:Invoking command in '/home/pathfinder/Projects/Starkit/booster_teleop/robot_deploy_fork_ws/build/booster_interface': CMAKE_PREFIX_PATH=/opt/ros/humble CONDA_PROMPT_MODIFIER=(robot_deploy) /usr/bin/cmake --build /home/pathfinder/Projects/Starkit/booster_teleop/robot_deploy_fork_ws/build/booster_interface -- -j20 -l20
[7.073s] DEBUG:colcon.colcon_core.event_handler.log_command:Invoked command in '/home/pathfinder/Projects/Starkit/booster_teleop/robot_deploy_fork_ws/build/booster_interface' returned '0': CMAKE_PREFIX_PATH=/opt/ros/humble CONDA_PROMPT_MODIFIER=(robot_deploy) /usr/bin/cmake --build /home/pathfinder/Projects/Starkit/booster_teleop/robot_deploy_fork_ws/build/booster_interface -- -j20 -l20
[7.073s] DEBUG:colcon.colcon_core.event_handler.log_command:Invoking command in '/home/pathfinder/Projects/Starkit/booster_teleop/robot_deploy_fork_ws/build/booster_interface': CMAKE_PREFIX_PATH=/opt/ros/humble CONDA_PROMPT_MODIFIER=(robot_deploy) /usr/bin/cmake --install /home/pathfinder/Projects/Starkit/booster_teleop/robot_deploy_fork_ws/build/booster_interface
[7.145s] Level 1:colcon.colcon_core.environment:create_environment_scripts_only(booster_interface)
[7.145s] Level 1:colcon.colcon_core.environment:checking '/home/pathfinder/Projects/Starkit/booster_teleop/robot_deploy_fork_ws/install/booster_interface' for CMake module files
[7.145s] DEBUG:colcon.colcon_core.event_handler.log_command:Invoked command in '/home/pathfinder/Projects/Starkit/booster_teleop/robot_deploy_fork_ws/build/booster_interface' returned '0': CMAKE_PREFIX_PATH=/opt/ros/humble CONDA_PROMPT_MODIFIER=(robot_deploy) /usr/bin/cmake --install /home/pathfinder/Projects/Starkit/booster_teleop/robot_deploy_fork_ws/build/booster_interface
[7.145s] Level 1:colcon.colcon_core.environment:checking '/home/pathfinder/Projects/Starkit/booster_teleop/robot_deploy_fork_ws/install/booster_interface' for CMake config files
[7.146s] Level 1:colcon.colcon_core.shell:create_environment_hook('booster_interface', 'cmake_prefix_path')
[7.146s] INFO:colcon.colcon_core.shell:Creating environment hook '/home/pathfinder/Projects/Starkit/booster_teleop/robot_deploy_fork_ws/install/booster_interface/share/booster_interface/hook/cmake_prefix_path.ps1'
[7.146s] INFO:colcon.colcon_core.shell:Creating environment descriptor '/home/pathfinder/Projects/Starkit/booster_teleop/robot_deploy_fork_ws/install/booster_interface/share/booster_interface/hook/cmake_prefix_path.dsv'
[7.146s] INFO:colcon.colcon_core.shell:Creating environment hook '/home/pathfinder/Projects/Starkit/booster_teleop/robot_deploy_fork_ws/install/booster_interface/share/booster_interface/hook/cmake_prefix_path.sh'
[7.147s] Level 1:colcon.colcon_core.environment:checking '/home/pathfinder/Projects/Starkit/booster_teleop/robot_deploy_fork_ws/install/booster_interface/lib'
[7.147s] Level 1:colcon.colcon_core.shell:create_environment_hook('booster_interface', 'ld_library_path_lib')
[7.147s] INFO:colcon.colcon_core.shell:Creating environment hook '/home/pathfinder/Projects/Starkit/booster_teleop/robot_deploy_fork_ws/install/booster_interface/share/booster_interface/hook/ld_library_path_lib.ps1'
[7.147s] INFO:colcon.colcon_core.shell:Creating environment descriptor '/home/pathfinder/Projects/Starkit/booster_teleop/robot_deploy_fork_ws/install/booster_interface/share/booster_interface/hook/ld_library_path_lib.dsv'
[7.147s] INFO:colcon.colcon_core.shell:Creating environment hook '/home/pathfinder/Projects/Starkit/booster_teleop/robot_deploy_fork_ws/install/booster_interface/share/booster_interface/hook/ld_library_path_lib.sh'
[7.147s] Level 1:colcon.colcon_core.environment:checking '/home/pathfinder/Projects/Starkit/booster_teleop/robot_deploy_fork_ws/install/booster_interface/bin'
[7.147s] Level 1:colcon.colcon_core.environment:checking '/home/pathfinder/Projects/Starkit/booster_teleop/robot_deploy_fork_ws/install/booster_interface/lib/pkgconfig/booster_interface.pc'
[7.148s] Level 1:colcon.colcon_core.environment:checking '/home/pathfinder/Projects/Starkit/booster_teleop/robot_deploy_fork_ws/install/booster_interface/lib/python3.10/site-packages'
[7.148s] Level 1:colcon.colcon_core.shell:create_environment_hook('booster_interface', 'pythonpath')
[7.148s] INFO:colcon.colcon_core.shell:Creating environment hook '/home/pathfinder/Projects/Starkit/booster_teleop/robot_deploy_fork_ws/install/booster_interface/share/booster_interface/hook/pythonpath.ps1'
[7.148s] INFO:colcon.colcon_core.shell:Creating environment descriptor '/home/pathfinder/Projects/Starkit/booster_teleop/robot_deploy_fork_ws/install/booster_interface/share/booster_interface/hook/pythonpath.dsv'
[7.148s] INFO:colcon.colcon_core.shell:Creating environment hook '/home/pathfinder/Projects/Starkit/booster_teleop/robot_deploy_fork_ws/install/booster_interface/share/booster_interface/hook/pythonpath.sh'
[7.148s] Level 1:colcon.colcon_core.environment:checking '/home/pathfinder/Projects/Starkit/booster_teleop/robot_deploy_fork_ws/install/booster_interface/bin'
[7.148s] INFO:colcon.colcon_core.shell:Creating package script '/home/pathfinder/Projects/Starkit/booster_teleop/robot_deploy_fork_ws/install/booster_interface/share/booster_interface/package.ps1'
[7.149s] INFO:colcon.colcon_core.shell:Creating package descriptor '/home/pathfinder/Projects/Starkit/booster_teleop/robot_deploy_fork_ws/install/booster_interface/share/booster_interface/package.dsv'
[7.149s] INFO:colcon.colcon_core.shell:Creating package script '/home/pathfinder/Projects/Starkit/booster_teleop/robot_deploy_fork_ws/install/booster_interface/share/booster_interface/package.sh'
[7.149s] INFO:colcon.colcon_core.shell:Creating package script '/home/pathfinder/Projects/Starkit/booster_teleop/robot_deploy_fork_ws/install/booster_interface/share/booster_interface/package.bash'
[7.149s] INFO:colcon.colcon_core.shell:Creating package script '/home/pathfinder/Projects/Starkit/booster_teleop/robot_deploy_fork_ws/install/booster_interface/share/booster_interface/package.zsh'
[7.149s] Level 1:colcon.colcon_core.environment:create_file_with_runtime_dependencies(/home/pathfinder/Projects/Starkit/booster_teleop/robot_deploy_fork_ws/install/booster_interface/share/colcon-core/packages/booster_interface)
[7.150s] Level 1:colcon.colcon_core.environment:create_environment_scripts_only(booster_interface)
[7.150s] Level 1:colcon.colcon_core.environment:checking '/home/pathfinder/Projects/Starkit/booster_teleop/robot_deploy_fork_ws/install/booster_interface' for CMake module files
[7.150s] Level 1:colcon.colcon_core.environment:checking '/home/pathfinder/Projects/Starkit/booster_teleop/robot_deploy_fork_ws/install/booster_interface' for CMake config files
[7.151s] Level 1:colcon.colcon_core.shell:create_environment_hook('booster_interface', 'cmake_prefix_path')
[7.151s] INFO:colcon.colcon_core.shell:Creating environment hook '/home/pathfinder/Projects/Starkit/booster_teleop/robot_deploy_fork_ws/install/booster_interface/share/booster_interface/hook/cmake_prefix_path.ps1'
[7.151s] INFO:colcon.colcon_core.shell:Creating environment descriptor '/home/pathfinder/Projects/Starkit/booster_teleop/robot_deploy_fork_ws/install/booster_interface/share/booster_interface/hook/cmake_prefix_path.dsv'
[7.151s] INFO:colcon.colcon_core.shell:Creating environment hook '/home/pathfinder/Projects/Starkit/booster_teleop/robot_deploy_fork_ws/install/booster_interface/share/booster_interface/hook/cmake_prefix_path.sh'
[7.151s] Level 1:colcon.colcon_core.environment:checking '/home/pathfinder/Projects/Starkit/booster_teleop/robot_deploy_fork_ws/install/booster_interface/lib'
[7.151s] Level 1:colcon.colcon_core.shell:create_environment_hook('booster_interface', 'ld_library_path_lib')
[7.151s] INFO:colcon.colcon_core.shell:Creating environment hook '/home/pathfinder/Projects/Starkit/booster_teleop/robot_deploy_fork_ws/install/booster_interface/share/booster_interface/hook/ld_library_path_lib.ps1'
[7.152s] INFO:colcon.colcon_core.shell:Creating environment descriptor '/home/pathfinder/Projects/Starkit/booster_teleop/robot_deploy_fork_ws/install/booster_interface/share/booster_interface/hook/ld_library_path_lib.dsv'
[7.152s] INFO:colcon.colcon_core.shell:Creating environment hook '/home/pathfinder/Projects/Starkit/booster_teleop/robot_deploy_fork_ws/install/booster_interface/share/booster_interface/hook/ld_library_path_lib.sh'
[7.152s] Level 1:colcon.colcon_core.environment:checking '/home/pathfinder/Projects/Starkit/booster_teleop/robot_deploy_fork_ws/install/booster_interface/bin'
[7.152s] Level 1:colcon.colcon_core.environment:checking '/home/pathfinder/Projects/Starkit/booster_teleop/robot_deploy_fork_ws/install/booster_interface/lib/pkgconfig/booster_interface.pc'
[7.152s] Level 1:colcon.colcon_core.environment:checking '/home/pathfinder/Projects/Starkit/booster_teleop/robot_deploy_fork_ws/install/booster_interface/lib/python3.10/site-packages'
[7.152s] Level 1:colcon.colcon_core.shell:create_environment_hook('booster_interface', 'pythonpath')
[7.152s] INFO:colcon.colcon_core.shell:Creating environment hook '/home/pathfinder/Projects/Starkit/booster_teleop/robot_deploy_fork_ws/install/booster_interface/share/booster_interface/hook/pythonpath.ps1'
[7.152s] INFO:colcon.colcon_core.shell:Creating environment descriptor '/home/pathfinder/Projects/Starkit/booster_teleop/robot_deploy_fork_ws/install/booster_interface/share/booster_interface/hook/pythonpath.dsv'
[7.152s] INFO:colcon.colcon_core.shell:Creating environment hook '/home/pathfinder/Projects/Starkit/booster_teleop/robot_deploy_fork_ws/install/booster_interface/share/booster_interface/hook/pythonpath.sh'
[7.153s] Level 1:colcon.colcon_core.environment:checking '/home/pathfinder/Projects/Starkit/booster_teleop/robot_deploy_fork_ws/install/booster_interface/bin'
[7.153s] INFO:colcon.colcon_core.shell:Creating package script '/home/pathfinder/Projects/Starkit/booster_teleop/robot_deploy_fork_ws/install/booster_interface/share/booster_interface/package.ps1'
[7.153s] INFO:colcon.colcon_core.shell:Creating package descriptor '/home/pathfinder/Projects/Starkit/booster_teleop/robot_deploy_fork_ws/install/booster_interface/share/booster_interface/package.dsv'
[7.153s] INFO:colcon.colcon_core.shell:Creating package script '/home/pathfinder/Projects/Starkit/booster_teleop/robot_deploy_fork_ws/install/booster_interface/share/booster_interface/package.sh'
[7.154s] INFO:colcon.colcon_core.shell:Creating package script '/home/pathfinder/Projects/Starkit/booster_teleop/robot_deploy_fork_ws/install/booster_interface/share/booster_interface/package.bash'
[7.154s] INFO:colcon.colcon_core.shell:Creating package script '/home/pathfinder/Projects/Starkit/booster_teleop/robot_deploy_fork_ws/install/booster_interface/share/booster_interface/package.zsh'
[7.154s] Level 1:colcon.colcon_core.environment:create_file_with_runtime_dependencies(/home/pathfinder/Projects/Starkit/booster_teleop/robot_deploy_fork_ws/install/booster_interface/share/colcon-core/packages/booster_interface)
[7.154s] INFO:colcon.colcon_ros.task.ament_cmake.build:Building ROS package in '/home/pathfinder/Projects/Starkit/booster_teleop/robot_deploy_fork_ws/src/robot_launcher_gucci/booster_controller' with build type 'ament_cmake'
[7.154s] INFO:colcon.colcon_cmake.task.cmake.build:Building CMake package in '/home/pathfinder/Projects/Starkit/booster_teleop/robot_deploy_fork_ws/src/robot_launcher_gucci/booster_controller'
[7.154s] INFO:colcon.colcon_core.shell:Skip shell extension 'powershell' for command environment: Not usable outside of PowerShell
[7.154s] DEBUG:colcon.colcon_core.shell:Skip shell extension 'dsv' for command environment
[7.156s] INFO:colcon.colcon_ros.task.ament_cmake.build:Building ROS package in '/home/pathfinder/Projects/Starkit/booster_teleop/robot_deploy_fork_ws/src/robot_launcher_gucci/booster_policies' with build type 'ament_cmake'
[7.156s] INFO:colcon.colcon_cmake.task.cmake.build:Building CMake package in '/home/pathfinder/Projects/Starkit/booster_teleop/robot_deploy_fork_ws/src/robot_launcher_gucci/booster_policies'
[7.156s] INFO:colcon.colcon_core.shell:Skip shell extension 'powershell' for command environment: Not usable outside of PowerShell
[7.156s] DEBUG:colcon.colcon_core.shell:Skip shell extension 'dsv' for command environment
[7.157s] INFO:colcon.colcon_ros.task.ament_python.build:Building ROS package in '/home/pathfinder/Projects/Starkit/booster_teleop/robot_deploy_fork_ws/src/robot_launcher_gucci/mujoco_robot_emulator' with build type 'ament_python'
[7.157s] Level 1:colcon.colcon_core.shell:create_environment_hook('mujoco_robot_emulator', 'ament_prefix_path')
[7.158s] INFO:colcon.colcon_core.shell:Creating environment hook '/home/pathfinder/Projects/Starkit/booster_teleop/robot_deploy_fork_ws/install/mujoco_robot_emulator/share/mujoco_robot_emulator/hook/ament_prefix_path.ps1'
[7.158s] INFO:colcon.colcon_core.shell:Creating environment descriptor '/home/pathfinder/Projects/Starkit/booster_teleop/robot_deploy_fork_ws/install/mujoco_robot_emulator/share/mujoco_robot_emulator/hook/ament_prefix_path.dsv'
[7.158s] INFO:colcon.colcon_core.shell:Creating environment hook '/home/pathfinder/Projects/Starkit/booster_teleop/robot_deploy_fork_ws/install/mujoco_robot_emulator/share/mujoco_robot_emulator/hook/ament_prefix_path.sh'
[7.158s] INFO:colcon.colcon_core.shell:Skip shell extension 'powershell' for command environment: Not usable outside of PowerShell
[7.158s] DEBUG:colcon.colcon_core.shell:Skip shell extension 'dsv' for command environment
[7.161s] DEBUG:colcon.colcon_core.event_handler.log_command:Invoking command in '/home/pathfinder/Projects/Starkit/booster_teleop/robot_deploy_fork_ws/build/booster_controller': AMENT_PREFIX_PATH=/home/pathfinder/Projects/Starkit/booster_teleop/robot_deploy_fork_ws/install/booster_interface:${AMENT_PREFIX_PATH} CMAKE_PREFIX_PATH=/home/pathfinder/Projects/Starkit/booster_teleop/robot_deploy_fork_ws/install/booster_interface:/opt/ros/humble CONDA_PROMPT_MODIFIER=(robot_deploy) LD_LIBRARY_PATH=/home/pathfinder/Projects/Starkit/booster_teleop/robot_deploy_fork_ws/install/booster_interface/lib:${LD_LIBRARY_PATH} PYTHONPATH=/home/pathfinder/Projects/Starkit/booster_teleop/robot_deploy_fork_ws/install/booster_interface/lib/python3.10/site-packages:${PYTHONPATH} /usr/bin/cmake /home/pathfinder/Projects/Starkit/booster_teleop/robot_deploy_fork_ws/src/robot_launcher_gucci/booster_controller -DCMAKE_INSTALL_PREFIX=/home/pathfinder/Projects/Starkit/booster_teleop/robot_deploy_fork_ws/install/booster_controller
[7.163s] DEBUG:colcon.colcon_core.event_handler.log_command:Invoking command in '/home/pathfinder/Projects/Starkit/booster_teleop/robot_deploy_fork_ws/build/booster_policies': AMENT_PREFIX_PATH=/home/pathfinder/Projects/Starkit/booster_teleop/robot_deploy_fork_ws/install/booster_interface:${AMENT_PREFIX_PATH} CMAKE_PREFIX_PATH=/home/pathfinder/Projects/Starkit/booster_teleop/robot_deploy_fork_ws/install/booster_interface:/opt/ros/humble CONDA_PROMPT_MODIFIER=(robot_deploy) LD_LIBRARY_PATH=/home/pathfinder/Projects/Starkit/booster_teleop/robot_deploy_fork_ws/install/booster_interface/lib:${LD_LIBRARY_PATH} PYTHONPATH=/home/pathfinder/Projects/Starkit/booster_teleop/robot_deploy_fork_ws/install/booster_interface/lib/python3.10/site-packages:${PYTHONPATH} /usr/bin/cmake /home/pathfinder/Projects/Starkit/booster_teleop/robot_deploy_fork_ws/src/robot_launcher_gucci/booster_policies -DCMAKE_INSTALL_PREFIX=/home/pathfinder/Projects/Starkit/booster_teleop/robot_deploy_fork_ws/install/booster_policies
[7.328s] INFO:colcon.colcon_core.task.python.build:Building Python package in '/home/pathfinder/Projects/Starkit/booster_teleop/robot_deploy_fork_ws/src/robot_launcher_gucci/mujoco_robot_emulator'
[7.328s] INFO:colcon.colcon_core.shell:Skip shell extension 'powershell' for command environment: Not usable outside of PowerShell
[7.328s] DEBUG:colcon.colcon_core.shell:Skip shell extension 'dsv' for command environment
[7.550s] DEBUG:colcon.colcon_core.event_handler.log_command:Invoking command in '/home/pathfinder/Projects/Starkit/booster_teleop/robot_deploy_fork_ws/src/robot_launcher_gucci/mujoco_robot_emulator': AMENT_PREFIX_PATH=/home/pathfinder/Projects/Starkit/booster_teleop/robot_deploy_fork_ws/install/booster_interface:${AMENT_PREFIX_PATH} CMAKE_PREFIX_PATH=/home/pathfinder/Projects/Starkit/booster_teleop/robot_deploy_fork_ws/install/booster_interface CONDA_PROMPT_MODIFIER=(robot_deploy) LD_LIBRARY_PATH=/home/pathfinder/Projects/Starkit/booster_teleop/robot_deploy_fork_ws/install/booster_interface/lib:${LD_LIBRARY_PATH} PYTHONPATH=/home/pathfinder/Projects/Starkit/booster_teleop/robot_deploy_fork_ws/build/mujoco_robot_emulator/prefix_override:/usr/lib/python3/dist-packages/colcon_core/task/python/colcon_distutils_commands:/home/pathfinder/Projects/Starkit/booster_teleop/robot_deploy_fork_ws/install/mujoco_robot_emulator/lib/python3.10/site-packages:/home/pathfinder/Projects/Starkit/booster_teleop/robot_deploy_fork_ws/install/booster_interface/lib/python3.10/site-packages:${PYTHONPATH} /usr/bin/python3 -W ignore:setup.py install is deprecated -W ignore:easy_install command is deprecated setup.py egg_info --egg-base ../../../build/mujoco_robot_emulator build --build-base /home/pathfinder/Projects/Starkit/booster_teleop/robot_deploy_fork_ws/build/mujoco_robot_emulator/build install --record /home/pathfinder/Projects/Starkit/booster_teleop/robot_deploy_fork_ws/build/mujoco_robot_emulator/install.log --single-version-externally-managed install_data
[7.725s] Level 1:colcon.colcon_core.environment:checking '/home/pathfinder/Projects/Starkit/booster_teleop/robot_deploy_fork_ws/install/mujoco_robot_emulator' for CMake module files
[7.725s] DEBUG:colcon.colcon_core.event_handler.log_command:Invoked command in '/home/pathfinder/Projects/Starkit/booster_teleop/robot_deploy_fork_ws/src/robot_launcher_gucci/mujoco_robot_emulator' returned '0': AMENT_PREFIX_PATH=/home/pathfinder/Projects/Starkit/booster_teleop/robot_deploy_fork_ws/install/booster_interface:${AMENT_PREFIX_PATH} CMAKE_PREFIX_PATH=/home/pathfinder/Projects/Starkit/booster_teleop/robot_deploy_fork_ws/install/booster_interface CONDA_PROMPT_MODIFIER=(robot_deploy) LD_LIBRARY_PATH=/home/pathfinder/Projects/Starkit/booster_teleop/robot_deploy_fork_ws/install/booster_interface/lib:${LD_LIBRARY_PATH} PYTHONPATH=/home/pathfinder/Projects/Starkit/booster_teleop/robot_deploy_fork_ws/build/mujoco_robot_emulator/prefix_override:/usr/lib/python3/dist-packages/colcon_core/task/python/colcon_distutils_commands:/home/pathfinder/Projects/Starkit/booster_teleop/robot_deploy_fork_ws/install/mujoco_robot_emulator/lib/python3.10/site-packages:/home/pathfinder/Projects/Starkit/booster_teleop/robot_deploy_fork_ws/install/booster_interface/lib/python3.10/site-packages:${PYTHONPATH} /usr/bin/python3 -W ignore:setup.py install is deprecated -W ignore:easy_install command is deprecated setup.py egg_info --egg-base ../../../build/mujoco_robot_emulator build --build-base /home/pathfinder/Projects/Starkit/booster_teleop/robot_deploy_fork_ws/build/mujoco_robot_emulator/build install --record /home/pathfinder/Projects/Starkit/booster_teleop/robot_deploy_fork_ws/build/mujoco_robot_emulator/install.log --single-version-externally-managed install_data
[7.725s] Level 1:colcon.colcon_core.environment:checking '/home/pathfinder/Projects/Starkit/booster_teleop/robot_deploy_fork_ws/install/mujoco_robot_emulator' for CMake config files
[7.726s] Level 1:colcon.colcon_core.environment:checking '/home/pathfinder/Projects/Starkit/booster_teleop/robot_deploy_fork_ws/install/mujoco_robot_emulator/lib'
[7.726s] Level 1:colcon.colcon_core.environment:checking '/home/pathfinder/Projects/Starkit/booster_teleop/robot_deploy_fork_ws/install/mujoco_robot_emulator/bin'
[7.726s] Level 1:colcon.colcon_core.environment:checking '/home/pathfinder/Projects/Starkit/booster_teleop/robot_deploy_fork_ws/install/mujoco_robot_emulator/lib/pkgconfig/mujoco_robot_emulator.pc'
[7.726s] Level 1:colcon.colcon_core.environment:checking '/home/pathfinder/Projects/Starkit/booster_teleop/robot_deploy_fork_ws/install/mujoco_robot_emulator/lib/python3.10/site-packages'
[7.726s] Level 1:colcon.colcon_core.shell:create_environment_hook('mujoco_robot_emulator', 'pythonpath')
[7.726s] INFO:colcon.colcon_core.shell:Creating environment hook '/home/pathfinder/Projects/Starkit/booster_teleop/robot_deploy_fork_ws/install/mujoco_robot_emulator/share/mujoco_robot_emulator/hook/pythonpath.ps1'
[7.726s] INFO:colcon.colcon_core.shell:Creating environment descriptor '/home/pathfinder/Projects/Starkit/booster_teleop/robot_deploy_fork_ws/install/mujoco_robot_emulator/share/mujoco_robot_emulator/hook/pythonpath.dsv'
[7.726s] INFO:colcon.colcon_core.shell:Creating environment hook '/home/pathfinder/Projects/Starkit/booster_teleop/robot_deploy_fork_ws/install/mujoco_robot_emulator/share/mujoco_robot_emulator/hook/pythonpath.sh'
[7.727s] Level 1:colcon.colcon_core.environment:checking '/home/pathfinder/Projects/Starkit/booster_teleop/robot_deploy_fork_ws/install/mujoco_robot_emulator/bin'
[7.727s] Level 1:colcon.colcon_core.environment:create_environment_scripts_only(mujoco_robot_emulator)
[7.727s] INFO:colcon.colcon_core.shell:Creating package script '/home/pathfinder/Projects/Starkit/booster_teleop/robot_deploy_fork_ws/install/mujoco_robot_emulator/share/mujoco_robot_emulator/package.ps1'
[7.727s] INFO:colcon.colcon_core.shell:Creating package descriptor '/home/pathfinder/Projects/Starkit/booster_teleop/robot_deploy_fork_ws/install/mujoco_robot_emulator/share/mujoco_robot_emulator/package.dsv'
[7.727s] INFO:colcon.colcon_core.shell:Creating package script '/home/pathfinder/Projects/Starkit/booster_teleop/robot_deploy_fork_ws/install/mujoco_robot_emulator/share/mujoco_robot_emulator/package.sh'
[7.728s] INFO:colcon.colcon_core.shell:Creating package script '/home/pathfinder/Projects/Starkit/booster_teleop/robot_deploy_fork_ws/install/mujoco_robot_emulator/share/mujoco_robot_emulator/package.bash'
[7.728s] INFO:colcon.colcon_core.shell:Creating package script '/home/pathfinder/Projects/Starkit/booster_teleop/robot_deploy_fork_ws/install/mujoco_robot_emulator/share/mujoco_robot_emulator/package.zsh'
[7.728s] Level 1:colcon.colcon_core.environment:create_file_with_runtime_dependencies(/home/pathfinder/Projects/Starkit/booster_teleop/robot_deploy_fork_ws/install/mujoco_robot_emulator/share/colcon-core/packages/mujoco_robot_emulator)
[7.963s] DEBUG:colcon.colcon_core.event_handler.log_command:Invoked command in '/home/pathfinder/Projects/Starkit/booster_teleop/robot_deploy_fork_ws/build/booster_controller' returned '0': AMENT_PREFIX_PATH=/home/pathfinder/Projects/Starkit/booster_teleop/robot_deploy_fork_ws/install/booster_interface:${AMENT_PREFIX_PATH} CMAKE_PREFIX_PATH=/home/pathfinder/Projects/Starkit/booster_teleop/robot_deploy_fork_ws/install/booster_interface:/opt/ros/humble CONDA_PROMPT_MODIFIER=(robot_deploy) LD_LIBRARY_PATH=/home/pathfinder/Projects/Starkit/booster_teleop/robot_deploy_fork_ws/install/booster_interface/lib:${LD_LIBRARY_PATH} PYTHONPATH=/home/pathfinder/Projects/Starkit/booster_teleop/robot_deploy_fork_ws/install/booster_interface/lib/python3.10/site-packages:${PYTHONPATH} /usr/bin/cmake /home/pathfinder/Projects/Starkit/booster_teleop/robot_deploy_fork_ws/src/robot_launcher_gucci/booster_controller -DCMAKE_INSTALL_PREFIX=/home/pathfinder/Projects/Starkit/booster_teleop/robot_deploy_fork_ws/install/booster_controller
[7.964s] DEBUG:colcon.colcon_core.event_handler.log_command:Invoking command in '/home/pathfinder/Projects/Starkit/booster_teleop/robot_deploy_fork_ws/build/booster_controller': AMENT_PREFIX_PATH=/home/pathfinder/Projects/Starkit/booster_teleop/robot_deploy_fork_ws/install/booster_interface:${AMENT_PREFIX_PATH} CMAKE_PREFIX_PATH=/home/pathfinder/Projects/Starkit/booster_teleop/robot_deploy_fork_ws/install/booster_interface:/opt/ros/humble CONDA_PROMPT_MODIFIER=(robot_deploy) LD_LIBRARY_PATH=/home/pathfinder/Projects/Starkit/booster_teleop/robot_deploy_fork_ws/install/booster_interface/lib:${LD_LIBRARY_PATH} PYTHONPATH=/home/pathfinder/Projects/Starkit/booster_teleop/robot_deploy_fork_ws/install/booster_interface/lib/python3.10/site-packages:${PYTHONPATH} /usr/bin/cmake --build /home/pathfinder/Projects/Starkit/booster_teleop/robot_deploy_fork_ws/build/booster_controller -- -j20 -l20
[7.976s] DEBUG:colcon.colcon_core.event_handler.log_command:Invoked command in '/home/pathfinder/Projects/Starkit/booster_teleop/robot_deploy_fork_ws/build/booster_policies' returned '0': AMENT_PREFIX_PATH=/home/pathfinder/Projects/Starkit/booster_teleop/robot_deploy_fork_ws/install/booster_interface:${AMENT_PREFIX_PATH} CMAKE_PREFIX_PATH=/home/pathfinder/Projects/Starkit/booster_teleop/robot_deploy_fork_ws/install/booster_interface:/opt/ros/humble CONDA_PROMPT_MODIFIER=(robot_deploy) LD_LIBRARY_PATH=/home/pathfinder/Projects/Starkit/booster_teleop/robot_deploy_fork_ws/install/booster_interface/lib:${LD_LIBRARY_PATH} PYTHONPATH=/home/pathfinder/Projects/Starkit/booster_teleop/robot_deploy_fork_ws/install/booster_interface/lib/python3.10/site-packages:${PYTHONPATH} /usr/bin/cmake /home/pathfinder/Projects/Starkit/booster_teleop/robot_deploy_fork_ws/src/robot_launcher_gucci/booster_policies -DCMAKE_INSTALL_PREFIX=/home/pathfinder/Projects/Starkit/booster_teleop/robot_deploy_fork_ws/install/booster_policies
[7.977s] DEBUG:colcon.colcon_core.event_handler.log_command:Invoking command in '/home/pathfinder/Projects/Starkit/booster_teleop/robot_deploy_fork_ws/build/booster_policies': AMENT_PREFIX_PATH=/home/pathfinder/Projects/Starkit/booster_teleop/robot_deploy_fork_ws/install/booster_interface:${AMENT_PREFIX_PATH} CMAKE_PREFIX_PATH=/home/pathfinder/Projects/Starkit/booster_teleop/robot_deploy_fork_ws/install/booster_interface:/opt/ros/humble CONDA_PROMPT_MODIFIER=(robot_deploy) LD_LIBRARY_PATH=/home/pathfinder/Projects/Starkit/booster_teleop/robot_deploy_fork_ws/install/booster_interface/lib:${LD_LIBRARY_PATH} PYTHONPATH=/home/pathfinder/Projects/Starkit/booster_teleop/robot_deploy_fork_ws/install/booster_interface/lib/python3.10/site-packages:${PYTHONPATH} /usr/bin/cmake --build /home/pathfinder/Projects/Starkit/booster_teleop/robot_deploy_fork_ws/build/booster_policies -- -j20 -l20
[14.593s] DEBUG:colcon.colcon_core.event_handler.log_command:Invoked command in '/home/pathfinder/Projects/Starkit/booster_teleop/robot_deploy_fork_ws/build/booster_controller' returned '0': AMENT_PREFIX_PATH=/home/pathfinder/Projects/Starkit/booster_teleop/robot_deploy_fork_ws/install/booster_interface:${AMENT_PREFIX_PATH} CMAKE_PREFIX_PATH=/home/pathfinder/Projects/Starkit/booster_teleop/robot_deploy_fork_ws/install/booster_interface:/opt/ros/humble CONDA_PROMPT_MODIFIER=(robot_deploy) LD_LIBRARY_PATH=/home/pathfinder/Projects/Starkit/booster_teleop/robot_deploy_fork_ws/install/booster_interface/lib:${LD_LIBRARY_PATH} PYTHONPATH=/home/pathfinder/Projects/Starkit/booster_teleop/robot_deploy_fork_ws/install/booster_interface/lib/python3.10/site-packages:${PYTHONPATH} /usr/bin/cmake --build /home/pathfinder/Projects/Starkit/booster_teleop/robot_deploy_fork_ws/build/booster_controller -- -j20 -l20
[14.594s] DEBUG:colcon.colcon_core.event_handler.log_command:Invoking command in '/home/pathfinder/Projects/Starkit/booster_teleop/robot_deploy_fork_ws/build/booster_controller': AMENT_PREFIX_PATH=/home/pathfinder/Projects/Starkit/booster_teleop/robot_deploy_fork_ws/install/booster_interface:${AMENT_PREFIX_PATH} CMAKE_PREFIX_PATH=/home/pathfinder/Projects/Starkit/booster_teleop/robot_deploy_fork_ws/install/booster_interface:/opt/ros/humble CONDA_PROMPT_MODIFIER=(robot_deploy) LD_LIBRARY_PATH=/home/pathfinder/Projects/Starkit/booster_teleop/robot_deploy_fork_ws/install/booster_interface/lib:${LD_LIBRARY_PATH} PYTHONPATH=/home/pathfinder/Projects/Starkit/booster_teleop/robot_deploy_fork_ws/install/booster_interface/lib/python3.10/site-packages:${PYTHONPATH} /usr/bin/cmake --install /home/pathfinder/Projects/Starkit/booster_teleop/robot_deploy_fork_ws/build/booster_controller
[14.604s] Level 1:colcon.colcon_core.environment:create_environment_scripts_only(booster_controller)
[14.604s] Level 1:colcon.colcon_core.environment:checking '/home/pathfinder/Projects/Starkit/booster_teleop/robot_deploy_fork_ws/install/booster_controller' for CMake module files
[14.605s] DEBUG:colcon.colcon_core.event_handler.log_command:Invoked command in '/home/pathfinder/Projects/Starkit/booster_teleop/robot_deploy_fork_ws/build/booster_controller' returned '0': AMENT_PREFIX_PATH=/home/pathfinder/Projects/Starkit/booster_teleop/robot_deploy_fork_ws/install/booster_interface:${AMENT_PREFIX_PATH} CMAKE_PREFIX_PATH=/home/pathfinder/Projects/Starkit/booster_teleop/robot_deploy_fork_ws/install/booster_interface:/opt/ros/humble CONDA_PROMPT_MODIFIER=(robot_deploy) LD_LIBRARY_PATH=/home/pathfinder/Projects/Starkit/booster_teleop/robot_deploy_fork_ws/install/booster_interface/lib:${LD_LIBRARY_PATH} PYTHONPATH=/home/pathfinder/Projects/Starkit/booster_teleop/robot_deploy_fork_ws/install/booster_interface/lib/python3.10/site-packages:${PYTHONPATH} /usr/bin/cmake --install /home/pathfinder/Projects/Starkit/booster_teleop/robot_deploy_fork_ws/build/booster_controller
[14.605s] Level 1:colcon.colcon_core.environment:checking '/home/pathfinder/Projects/Starkit/booster_teleop/robot_deploy_fork_ws/install/booster_controller' for CMake config files
[14.605s] Level 1:colcon.colcon_core.shell:create_environment_hook('booster_controller', 'cmake_prefix_path')
[14.605s] INFO:colcon.colcon_core.shell:Creating environment hook '/home/pathfinder/Projects/Starkit/booster_teleop/robot_deploy_fork_ws/install/booster_controller/share/booster_controller/hook/cmake_prefix_path.ps1'
[14.606s] INFO:colcon.colcon_core.shell:Creating environment descriptor '/home/pathfinder/Projects/Starkit/booster_teleop/robot_deploy_fork_ws/install/booster_controller/share/booster_controller/hook/cmake_prefix_path.dsv'
[14.606s] INFO:colcon.colcon_core.shell:Creating environment hook '/home/pathfinder/Projects/Starkit/booster_teleop/robot_deploy_fork_ws/install/booster_controller/share/booster_controller/hook/cmake_prefix_path.sh'
[14.606s] Level 1:colcon.colcon_core.environment:checking '/home/pathfinder/Projects/Starkit/booster_teleop/robot_deploy_fork_ws/install/booster_controller/lib'
[14.607s] Level 1:colcon.colcon_core.environment:checking '/home/pathfinder/Projects/Starkit/booster_teleop/robot_deploy_fork_ws/install/booster_controller/bin'
[14.607s] Level 1:colcon.colcon_core.environment:checking '/home/pathfinder/Projects/Starkit/booster_teleop/robot_deploy_fork_ws/install/booster_controller/lib/pkgconfig/booster_controller.pc'
[14.607s] Level 1:colcon.colcon_core.environment:checking '/home/pathfinder/Projects/Starkit/booster_teleop/robot_deploy_fork_ws/install/booster_controller/lib/python3.10/site-packages'
[14.607s] Level 1:colcon.colcon_core.environment:checking '/home/pathfinder/Projects/Starkit/booster_teleop/robot_deploy_fork_ws/install/booster_controller/bin'
[14.607s] INFO:colcon.colcon_core.shell:Creating package script '/home/pathfinder/Projects/Starkit/booster_teleop/robot_deploy_fork_ws/install/booster_controller/share/booster_controller/package.ps1'
[14.608s] INFO:colcon.colcon_core.shell:Creating package descriptor '/home/pathfinder/Projects/Starkit/booster_teleop/robot_deploy_fork_ws/install/booster_controller/share/booster_controller/package.dsv'
[14.608s] INFO:colcon.colcon_core.shell:Creating package script '/home/pathfinder/Projects/Starkit/booster_teleop/robot_deploy_fork_ws/install/booster_controller/share/booster_controller/package.sh'
[14.609s] INFO:colcon.colcon_core.shell:Creating package script '/home/pathfinder/Projects/Starkit/booster_teleop/robot_deploy_fork_ws/install/booster_controller/share/booster_controller/package.bash'
[14.609s] INFO:colcon.colcon_core.shell:Creating package script '/home/pathfinder/Projects/Starkit/booster_teleop/robot_deploy_fork_ws/install/booster_controller/share/booster_controller/package.zsh'
[14.609s] Level 1:colcon.colcon_core.environment:create_file_with_runtime_dependencies(/home/pathfinder/Projects/Starkit/booster_teleop/robot_deploy_fork_ws/install/booster_controller/share/colcon-core/packages/booster_controller)
[14.610s] Level 1:colcon.colcon_core.environment:create_environment_scripts_only(booster_controller)
[14.610s] Level 1:colcon.colcon_core.environment:checking '/home/pathfinder/Projects/Starkit/booster_teleop/robot_deploy_fork_ws/install/booster_controller' for CMake module files
[14.610s] Level 1:colcon.colcon_core.environment:checking '/home/pathfinder/Projects/Starkit/booster_teleop/robot_deploy_fork_ws/install/booster_controller' for CMake config files
[14.611s] Level 1:colcon.colcon_core.shell:create_environment_hook('booster_controller', 'cmake_prefix_path')
[14.611s] INFO:colcon.colcon_core.shell:Creating environment hook '/home/pathfinder/Projects/Starkit/booster_teleop/robot_deploy_fork_ws/install/booster_controller/share/booster_controller/hook/cmake_prefix_path.ps1'
[14.611s] INFO:colcon.colcon_core.shell:Creating environment descriptor '/home/pathfinder/Projects/Starkit/booster_teleop/robot_deploy_fork_ws/install/booster_controller/share/booster_controller/hook/cmake_prefix_path.dsv'
[14.611s] INFO:colcon.colcon_core.shell:Creating environment hook '/home/pathfinder/Projects/Starkit/booster_teleop/robot_deploy_fork_ws/install/booster_controller/share/booster_controller/hook/cmake_prefix_path.sh'
[14.612s] Level 1:colcon.colcon_core.environment:checking '/home/pathfinder/Projects/Starkit/booster_teleop/robot_deploy_fork_ws/install/booster_controller/lib'
[14.612s] Level 1:colcon.colcon_core.environment:checking '/home/pathfinder/Projects/Starkit/booster_teleop/robot_deploy_fork_ws/install/booster_controller/bin'
[14.612s] Level 1:colcon.colcon_core.environment:checking '/home/pathfinder/Projects/Starkit/booster_teleop/robot_deploy_fork_ws/install/booster_controller/lib/pkgconfig/booster_controller.pc'
[14.612s] Level 1:colcon.colcon_core.environment:checking '/home/pathfinder/Projects/Starkit/booster_teleop/robot_deploy_fork_ws/install/booster_controller/lib/python3.10/site-packages'
[14.613s] Level 1:colcon.colcon_core.environment:checking '/home/pathfinder/Projects/Starkit/booster_teleop/robot_deploy_fork_ws/install/booster_controller/bin'
[14.613s] INFO:colcon.colcon_core.shell:Creating package script '/home/pathfinder/Projects/Starkit/booster_teleop/robot_deploy_fork_ws/install/booster_controller/share/booster_controller/package.ps1'
[14.613s] INFO:colcon.colcon_core.shell:Creating package descriptor '/home/pathfinder/Projects/Starkit/booster_teleop/robot_deploy_fork_ws/install/booster_controller/share/booster_controller/package.dsv'
[14.614s] INFO:colcon.colcon_core.shell:Creating package script '/home/pathfinder/Projects/Starkit/booster_teleop/robot_deploy_fork_ws/install/booster_controller/share/booster_controller/package.sh'
[14.614s] INFO:colcon.colcon_core.shell:Creating package script '/home/pathfinder/Projects/Starkit/booster_teleop/robot_deploy_fork_ws/install/booster_controller/share/booster_controller/package.bash'
[14.614s] INFO:colcon.colcon_core.shell:Creating package script '/home/pathfinder/Projects/Starkit/booster_teleop/robot_deploy_fork_ws/install/booster_controller/share/booster_controller/package.zsh'
[14.615s] Level 1:colcon.colcon_core.environment:create_file_with_runtime_dependencies(/home/pathfinder/Projects/Starkit/booster_teleop/robot_deploy_fork_ws/install/booster_controller/share/colcon-core/packages/booster_controller)
[14.921s] DEBUG:colcon.colcon_core.event_handler.log_command:Invoked command in '/home/pathfinder/Projects/Starkit/booster_teleop/robot_deploy_fork_ws/build/booster_policies' returned '0': AMENT_PREFIX_PATH=/home/pathfinder/Projects/Starkit/booster_teleop/robot_deploy_fork_ws/install/booster_interface:${AMENT_PREFIX_PATH} CMAKE_PREFIX_PATH=/home/pathfinder/Projects/Starkit/booster_teleop/robot_deploy_fork_ws/install/booster_interface:/opt/ros/humble CONDA_PROMPT_MODIFIER=(robot_deploy) LD_LIBRARY_PATH=/home/pathfinder/Projects/Starkit/booster_teleop/robot_deploy_fork_ws/install/booster_interface/lib:${LD_LIBRARY_PATH} PYTHONPATH=/home/pathfinder/Projects/Starkit/booster_teleop/robot_deploy_fork_ws/install/booster_interface/lib/python3.10/site-packages:${PYTHONPATH} /usr/bin/cmake --build /home/pathfinder/Projects/Starkit/booster_teleop/robot_deploy_fork_ws/build/booster_policies -- -j20 -l20
[14.923s] DEBUG:colcon.colcon_core.event_handler.log_command:Invoking command in '/home/pathfinder/Projects/Starkit/booster_teleop/robot_deploy_fork_ws/build/booster_policies': AMENT_PREFIX_PATH=/home/pathfinder/Projects/Starkit/booster_teleop/robot_deploy_fork_ws/install/booster_interface:${AMENT_PREFIX_PATH} CMAKE_PREFIX_PATH=/home/pathfinder/Projects/Starkit/booster_teleop/robot_deploy_fork_ws/install/booster_interface:/opt/ros/humble CONDA_PROMPT_MODIFIER=(robot_deploy) LD_LIBRARY_PATH=/home/pathfinder/Projects/Starkit/booster_teleop/robot_deploy_fork_ws/install/booster_interface/lib:${LD_LIBRARY_PATH} PYTHONPATH=/home/pathfinder/Projects/Starkit/booster_teleop/robot_deploy_fork_ws/install/booster_interface/lib/python3.10/site-packages:${PYTHONPATH} /usr/bin/cmake --install /home/pathfinder/Projects/Starkit/booster_teleop/robot_deploy_fork_ws/build/booster_policies
[14.936s] Level 1:colcon.colcon_core.environment:create_environment_scripts_only(booster_policies)
[14.937s] Level 1:colcon.colcon_core.environment:checking '/home/pathfinder/Projects/Starkit/booster_teleop/robot_deploy_fork_ws/install/booster_policies' for CMake module files
[14.937s] DEBUG:colcon.colcon_core.event_handler.log_command:Invoked command in '/home/pathfinder/Projects/Starkit/booster_teleop/robot_deploy_fork_ws/build/booster_policies' returned '0': AMENT_PREFIX_PATH=/home/pathfinder/Projects/Starkit/booster_teleop/robot_deploy_fork_ws/install/booster_interface:${AMENT_PREFIX_PATH} CMAKE_PREFIX_PATH=/home/pathfinder/Projects/Starkit/booster_teleop/robot_deploy_fork_ws/install/booster_interface:/opt/ros/humble CONDA_PROMPT_MODIFIER=(robot_deploy) LD_LIBRARY_PATH=/home/pathfinder/Projects/Starkit/booster_teleop/robot_deploy_fork_ws/install/booster_interface/lib:${LD_LIBRARY_PATH} PYTHONPATH=/home/pathfinder/Projects/Starkit/booster_teleop/robot_deploy_fork_ws/install/booster_interface/lib/python3.10/site-packages:${PYTHONPATH} /usr/bin/cmake --install /home/pathfinder/Projects/Starkit/booster_teleop/robot_deploy_fork_ws/build/booster_policies
[14.937s] Level 1:colcon.colcon_core.environment:checking '/home/pathfinder/Projects/Starkit/booster_teleop/robot_deploy_fork_ws/install/booster_policies' for CMake config files
[14.937s] Level 1:colcon.colcon_core.shell:create_environment_hook('booster_policies', 'cmake_prefix_path')
[14.938s] INFO:colcon.colcon_core.shell:Creating environment hook '/home/pathfinder/Projects/Starkit/booster_teleop/robot_deploy_fork_ws/install/booster_policies/share/booster_policies/hook/cmake_prefix_path.ps1'
[14.938s] INFO:colcon.colcon_core.shell:Creating environment descriptor '/home/pathfinder/Projects/Starkit/booster_teleop/robot_deploy_fork_ws/install/booster_policies/share/booster_policies/hook/cmake_prefix_path.dsv'
[14.938s] INFO:colcon.colcon_core.shell:Creating environment hook '/home/pathfinder/Projects/Starkit/booster_teleop/robot_deploy_fork_ws/install/booster_policies/share/booster_policies/hook/cmake_prefix_path.sh'
[14.939s] Level 1:colcon.colcon_core.environment:checking '/home/pathfinder/Projects/Starkit/booster_teleop/robot_deploy_fork_ws/install/booster_policies/lib'
[14.939s] Level 1:colcon.colcon_core.environment:checking '/home/pathfinder/Projects/Starkit/booster_teleop/robot_deploy_fork_ws/install/booster_policies/bin'
[14.939s] Level 1:colcon.colcon_core.environment:checking '/home/pathfinder/Projects/Starkit/booster_teleop/robot_deploy_fork_ws/install/booster_policies/lib/pkgconfig/booster_policies.pc'
[14.939s] Level 1:colcon.colcon_core.environment:checking '/home/pathfinder/Projects/Starkit/booster_teleop/robot_deploy_fork_ws/install/booster_policies/lib/python3.10/site-packages'
[14.939s] Level 1:colcon.colcon_core.environment:checking '/home/pathfinder/Projects/Starkit/booster_teleop/robot_deploy_fork_ws/install/booster_policies/bin'
[14.940s] INFO:colcon.colcon_core.shell:Creating package script '/home/pathfinder/Projects/Starkit/booster_teleop/robot_deploy_fork_ws/install/booster_policies/share/booster_policies/package.ps1'
[14.940s] INFO:colcon.colcon_core.shell:Creating package descriptor '/home/pathfinder/Projects/Starkit/booster_teleop/robot_deploy_fork_ws/install/booster_policies/share/booster_policies/package.dsv'
[14.940s] INFO:colcon.colcon_core.shell:Creating package script '/home/pathfinder/Projects/Starkit/booster_teleop/robot_deploy_fork_ws/install/booster_policies/share/booster_policies/package.sh'
[14.941s] INFO:colcon.colcon_core.shell:Creating package script '/home/pathfinder/Projects/Starkit/booster_teleop/robot_deploy_fork_ws/install/booster_policies/share/booster_policies/package.bash'
[14.941s] INFO:colcon.colcon_core.shell:Creating package script '/home/pathfinder/Projects/Starkit/booster_teleop/robot_deploy_fork_ws/install/booster_policies/share/booster_policies/package.zsh'
[14.941s] Level 1:colcon.colcon_core.environment:create_file_with_runtime_dependencies(/home/pathfinder/Projects/Starkit/booster_teleop/robot_deploy_fork_ws/install/booster_policies/share/colcon-core/packages/booster_policies)
[14.942s] Level 1:colcon.colcon_core.environment:create_environment_scripts_only(booster_policies)
[14.942s] Level 1:colcon.colcon_core.environment:checking '/home/pathfinder/Projects/Starkit/booster_teleop/robot_deploy_fork_ws/install/booster_policies' for CMake module files
[14.942s] Level 1:colcon.colcon_core.environment:checking '/home/pathfinder/Projects/Starkit/booster_teleop/robot_deploy_fork_ws/install/booster_policies' for CMake config files
[14.943s] Level 1:colcon.colcon_core.shell:create_environment_hook('booster_policies', 'cmake_prefix_path')
[14.943s] INFO:colcon.colcon_core.shell:Creating environment hook '/home/pathfinder/Projects/Starkit/booster_teleop/robot_deploy_fork_ws/install/booster_policies/share/booster_policies/hook/cmake_prefix_path.ps1'
[14.943s] INFO:colcon.colcon_core.shell:Creating environment descriptor '/home/pathfinder/Projects/Starkit/booster_teleop/robot_deploy_fork_ws/install/booster_policies/share/booster_policies/hook/cmake_prefix_path.dsv'
[14.943s] INFO:colcon.colcon_core.shell:Creating environment hook '/home/pathfinder/Projects/Starkit/booster_teleop/robot_deploy_fork_ws/install/booster_policies/share/booster_policies/hook/cmake_prefix_path.sh'
[14.944s] Level 1:colcon.colcon_core.environment:checking '/home/pathfinder/Projects/Starkit/booster_teleop/robot_deploy_fork_ws/install/booster_policies/lib'
[14.944s] Level 1:colcon.colcon_core.environment:checking '/home/pathfinder/Projects/Starkit/booster_teleop/robot_deploy_fork_ws/install/booster_policies/bin'
[14.944s] Level 1:colcon.colcon_core.environment:checking '/home/pathfinder/Projects/Starkit/booster_teleop/robot_deploy_fork_ws/install/booster_policies/lib/pkgconfig/booster_policies.pc'
[14.944s] Level 1:colcon.colcon_core.environment:checking '/home/pathfinder/Projects/Starkit/booster_teleop/robot_deploy_fork_ws/install/booster_policies/lib/python3.10/site-packages'
[14.944s] Level 1:colcon.colcon_core.environment:checking '/home/pathfinder/Projects/Starkit/booster_teleop/robot_deploy_fork_ws/install/booster_policies/bin'
[14.944s] INFO:colcon.colcon_core.shell:Creating package script '/home/pathfinder/Projects/Starkit/booster_teleop/robot_deploy_fork_ws/install/booster_policies/share/booster_policies/package.ps1'
[14.945s] INFO:colcon.colcon_core.shell:Creating package descriptor '/home/pathfinder/Projects/Starkit/booster_teleop/robot_deploy_fork_ws/install/booster_policies/share/booster_policies/package.dsv'
[14.945s] INFO:colcon.colcon_core.shell:Creating package script '/home/pathfinder/Projects/Starkit/booster_teleop/robot_deploy_fork_ws/install/booster_policies/share/booster_policies/package.sh'
[14.945s] INFO:colcon.colcon_core.shell:Creating package script '/home/pathfinder/Projects/Starkit/booster_teleop/robot_deploy_fork_ws/install/booster_policies/share/booster_policies/package.bash'
[14.945s] INFO:colcon.colcon_core.shell:Creating package script '/home/pathfinder/Projects/Starkit/booster_teleop/robot_deploy_fork_ws/install/booster_policies/share/booster_policies/package.zsh'
[14.945s] Level 1:colcon.colcon_core.environment:create_file_with_runtime_dependencies(/home/pathfinder/Projects/Starkit/booster_teleop/robot_deploy_fork_ws/install/booster_policies/share/colcon-core/packages/booster_policies)
[14.946s] DEBUG:colcon.colcon_parallel_executor.executor.parallel:closing loop
[14.946s] DEBUG:colcon.colcon_parallel_executor.executor.parallel:loop closed
[14.946s] DEBUG:colcon.colcon_parallel_executor.executor.parallel:run_until_complete finished with '0'
[14.946s] DEBUG:colcon.colcon_core.event_reactor:joining thread
[14.949s] INFO:colcon.colcon_core.plugin_system:Skipping extension 'colcon_notification.desktop_notification.terminal_notifier': Not used on non-Darwin systems
[14.949s] INFO:colcon.colcon_core.plugin_system:Skipping extension 'colcon_notification.desktop_notification.win32': Not used on non-Windows systems
[14.949s] INFO:colcon.colcon_notification.desktop_notification:Sending desktop notification using 'notify2'
[14.957s] DEBUG:colcon.colcon_core.event_reactor:joined thread
[14.957s] INFO:colcon.colcon_core.shell:Creating prefix script '/home/pathfinder/Projects/Starkit/booster_teleop/robot_deploy_fork_ws/install/local_setup.ps1'
[14.958s] INFO:colcon.colcon_core.shell:Creating prefix util module '/home/pathfinder/Projects/Starkit/booster_teleop/robot_deploy_fork_ws/install/_local_setup_util_ps1.py'
[14.958s] INFO:colcon.colcon_core.shell:Creating prefix chain script '/home/pathfinder/Projects/Starkit/booster_teleop/robot_deploy_fork_ws/install/setup.ps1'
[14.959s] INFO:colcon.colcon_core.shell:Creating prefix script '/home/pathfinder/Projects/Starkit/booster_teleop/robot_deploy_fork_ws/install/local_setup.sh'
[14.959s] INFO:colcon.colcon_core.shell:Creating prefix util module '/home/pathfinder/Projects/Starkit/booster_teleop/robot_deploy_fork_ws/install/_local_setup_util_sh.py'
[14.959s] INFO:colcon.colcon_core.shell:Creating prefix chain script '/home/pathfinder/Projects/Starkit/booster_teleop/robot_deploy_fork_ws/install/setup.sh'
[14.960s] INFO:colcon.colcon_core.shell:Creating prefix script '/home/pathfinder/Projects/Starkit/booster_teleop/robot_deploy_fork_ws/install/local_setup.bash'
[14.960s] INFO:colcon.colcon_core.shell:Creating prefix chain script '/home/pathfinder/Projects/Starkit/booster_teleop/robot_deploy_fork_ws/install/setup.bash'
[14.961s] INFO:colcon.colcon_core.shell:Creating prefix script '/home/pathfinder/Projects/Starkit/booster_teleop/robot_deploy_fork_ws/install/local_setup.zsh'
[14.961s] INFO:colcon.colcon_core.shell:Creating prefix chain script '/home/pathfinder/Projects/Starkit/booster_teleop/robot_deploy_fork_ws/install/setup.zsh'
