[0.007s] Invoking command in '/home/pathfinder/Projects/Starkit/booster_teleop/robot_deploy_fork_ws/build/robot_launcher': CMAKE_PREFIX_PATH=/opt/ros/humble CONDA_PROMPT_MODIFIER=(robot_deploy) /usr/bin/cmake /home/pathfinder/Projects/Starkit/booster_teleop/robot_deploy_fork_ws/src/robot_launcher_gucci/robot_launcher -DCMAKE_INSTALL_PREFIX=/home/pathfinder/Projects/Starkit/booster_teleop/robot_deploy_fork_ws/install/robot_launcher
[0.044s] -- The C compiler identification is GNU 11.4.0
[0.079s] -- The CXX compiler identification is GNU 11.4.0
[0.084s] -- Detecting C compiler ABI info
[0.131s] -- Detecting C compiler ABI info - done
[0.136s] -- Check for working C compiler: /usr/bin/cc - skipped
[0.136s] -- Detecting C compile features
[0.136s] -- Detecting C compile features - done
[0.138s] -- Detecting CXX compiler ABI info
[0.188s] -- Detecting CXX compiler ABI info - done
[0.193s] -- Check for working CXX compiler: /usr/bin/c++ - skipped
[0.193s] -- Detecting CXX compile features
[0.193s] -- Detecting CXX compile features - done
[0.194s] -- Found ament_cmake: 1.3.12 (/opt/ros/humble/share/ament_cmake/cmake)
[0.435s] -- Found Python3: /home/pathfinder/anaconda3/envs/robot_deploy/bin/python3 (found version "3.10.19") found components: Interpreter 
[0.541s] -- Configuring done
[0.542s] -- Generating done
[0.543s] -- Build files have been written to: /home/pathfinder/Projects/Starkit/booster_teleop/robot_deploy_fork_ws/build/robot_launcher
[0.546s] Invoked command in '/home/pathfinder/Projects/Starkit/booster_teleop/robot_deploy_fork_ws/build/robot_launcher' returned '0': CMAKE_PREFIX_PATH=/opt/ros/humble CONDA_PROMPT_MODIFIER=(robot_deploy) /usr/bin/cmake /home/pathfinder/Projects/Starkit/booster_teleop/robot_deploy_fork_ws/src/robot_launcher_gucci/robot_launcher -DCMAKE_INSTALL_PREFIX=/home/pathfinder/Projects/Starkit/booster_teleop/robot_deploy_fork_ws/install/robot_launcher
[0.547s] Invoking command in '/home/pathfinder/Projects/Starkit/booster_teleop/robot_deploy_fork_ws/build/robot_launcher': CMAKE_PREFIX_PATH=/opt/ros/humble CONDA_PROMPT_MODIFIER=(robot_deploy) /usr/bin/cmake --build /home/pathfinder/Projects/Starkit/booster_teleop/robot_deploy_fork_ws/build/robot_launcher -- -j20 -l20
[0.571s] Invoked command in '/home/pathfinder/Projects/Starkit/booster_teleop/robot_deploy_fork_ws/build/robot_launcher' returned '0': CMAKE_PREFIX_PATH=/opt/ros/humble CONDA_PROMPT_MODIFIER=(robot_deploy) /usr/bin/cmake --build /home/pathfinder/Projects/Starkit/booster_teleop/robot_deploy_fork_ws/build/robot_launcher -- -j20 -l20
[0.578s] Invoking command in '/home/pathfinder/Projects/Starkit/booster_teleop/robot_deploy_fork_ws/build/robot_launcher': CMAKE_PREFIX_PATH=/opt/ros/humble CONDA_PROMPT_MODIFIER=(robot_deploy) /usr/bin/cmake --install /home/pathfinder/Projects/Starkit/booster_teleop/robot_deploy_fork_ws/build/robot_launcher
[0.581s] -- Install configuration: ""
[0.581s] -- Installing: /home/pathfinder/Projects/Starkit/booster_teleop/robot_deploy_fork_ws/install/robot_launcher/share/robot_launcher/launch
[0.581s] -- Installing: /home/pathfinder/Projects/Starkit/booster_teleop/robot_deploy_fork_ws/install/robot_launcher/share/robot_launcher/launch/booster_rl.real.launch.py
[0.581s] -- Installing: /home/pathfinder/Projects/Starkit/booster_teleop/robot_deploy_fork_ws/install/robot_launcher/share/robot_launcher/launch/deepmimic_k1_cpp.real.launch.py
[0.581s] -- Installing: /home/pathfinder/Projects/Starkit/booster_teleop/robot_deploy_fork_ws/install/robot_launcher/share/robot_launcher/launch/deepmimic_general.sim.launch.py
[0.581s] -- Installing: /home/pathfinder/Projects/Starkit/booster_teleop/robot_deploy_fork_ws/install/robot_launcher/share/robot_launcher/launch/deepmimic_k1_py.sim.launch.py
[0.581s] -- Installing: /home/pathfinder/Projects/Starkit/booster_teleop/robot_deploy_fork_ws/install/robot_launcher/share/robot_launcher/launch/booster_rl.sim.launch.py
[0.581s] -- Installing: /home/pathfinder/Projects/Starkit/booster_teleop/robot_deploy_fork_ws/install/robot_launcher/share/robot_launcher/launch/booster_squat.real.launch.py
[0.581s] -- Installing: /home/pathfinder/Projects/Starkit/booster_teleop/robot_deploy_fork_ws/install/robot_launcher/share/robot_launcher/launch/booster_squat.sim.launch.py
[0.581s] -- Installing: /home/pathfinder/Projects/Starkit/booster_teleop/robot_deploy_fork_ws/install/robot_launcher/share/robot_launcher/launch/__init__.py
[0.581s] -- Installing: /home/pathfinder/Projects/Starkit/booster_teleop/robot_deploy_fork_ws/install/robot_launcher/share/robot_launcher/launch/deepmimic_k1_py.direct_sim2sim.launch.py
[0.582s] -- Installing: /home/pathfinder/Projects/Starkit/booster_teleop/robot_deploy_fork_ws/install/robot_launcher/share/robot_launcher/launch/deepmimic_k1_cpp.sim.launch.py
[0.582s] -- Installing: /home/pathfinder/Projects/Starkit/booster_teleop/robot_deploy_fork_ws/install/robot_launcher/share/ament_index/resource_index/package_run_dependencies/robot_launcher
[0.582s] -- Installing: /home/pathfinder/Projects/Starkit/booster_teleop/robot_deploy_fork_ws/install/robot_launcher/share/ament_index/resource_index/parent_prefix_path/robot_launcher
[0.582s] -- Installing: /home/pathfinder/Projects/Starkit/booster_teleop/robot_deploy_fork_ws/install/robot_launcher/share/robot_launcher/environment/ament_prefix_path.sh
[0.582s] -- Installing: /home/pathfinder/Projects/Starkit/booster_teleop/robot_deploy_fork_ws/install/robot_launcher/share/robot_launcher/environment/ament_prefix_path.dsv
[0.582s] -- Installing: /home/pathfinder/Projects/Starkit/booster_teleop/robot_deploy_fork_ws/install/robot_launcher/share/robot_launcher/environment/path.sh
[0.582s] -- Installing: /home/pathfinder/Projects/Starkit/booster_teleop/robot_deploy_fork_ws/install/robot_launcher/share/robot_launcher/environment/path.dsv
[0.582s] -- Installing: /home/pathfinder/Projects/Starkit/booster_teleop/robot_deploy_fork_ws/install/robot_launcher/share/robot_launcher/local_setup.bash
[0.582s] -- Installing: /home/pathfinder/Projects/Starkit/booster_teleop/robot_deploy_fork_ws/install/robot_launcher/share/robot_launcher/local_setup.sh
[0.582s] -- Installing: /home/pathfinder/Projects/Starkit/booster_teleop/robot_deploy_fork_ws/install/robot_launcher/share/robot_launcher/local_setup.zsh
[0.582s] -- Installing: /home/pathfinder/Projects/Starkit/booster_teleop/robot_deploy_fork_ws/install/robot_launcher/share/robot_launcher/local_setup.dsv
[0.582s] -- Installing: /home/pathfinder/Projects/Starkit/booster_teleop/robot_deploy_fork_ws/install/robot_launcher/share/robot_launcher/package.dsv
[0.582s] -- Installing: /home/pathfinder/Projects/Starkit/booster_teleop/robot_deploy_fork_ws/install/robot_launcher/share/ament_index/resource_index/packages/robot_launcher
[0.582s] -- Installing: /home/pathfinder/Projects/Starkit/booster_teleop/robot_deploy_fork_ws/install/robot_launcher/share/robot_launcher/cmake/robot_launcherConfig.cmake
[0.582s] -- Installing: /home/pathfinder/Projects/Starkit/booster_teleop/robot_deploy_fork_ws/install/robot_launcher/share/robot_launcher/cmake/robot_launcherConfig-version.cmake
[0.582s] -- Installing: /home/pathfinder/Projects/Starkit/booster_teleop/robot_deploy_fork_ws/install/robot_launcher/share/robot_launcher/package.xml
[0.584s] Invoked command in '/home/pathfinder/Projects/Starkit/booster_teleop/robot_deploy_fork_ws/build/robot_launcher' returned '0': CMAKE_PREFIX_PATH=/opt/ros/humble CONDA_PROMPT_MODIFIER=(robot_deploy) /usr/bin/cmake --install /home/pathfinder/Projects/Starkit/booster_teleop/robot_deploy_fork_ws/build/robot_launcher
