[0.012s] Invoking command in '/home/pathfinder/Projects/Starkit/booster_teleop/robot_deploy_fork_ws/build/booster_interface': CMAKE_PREFIX_PATH=/opt/ros/humble CONDA_PROMPT_MODIFIER=(base) /usr/bin/cmake /home/pathfinder/Projects/Starkit/booster_teleop/robot_deploy_fork_ws/src/robot_launcher_gucci/booster_ros2_interface -DCMAKE_INSTALL_PREFIX=/home/pathfinder/Projects/Starkit/booster_teleop/robot_deploy_fork_ws/install/booster_interface
[0.181s] -- Found ament_cmake: 1.3.12 (/opt/ros/humble/share/ament_cmake/cmake)
[0.181s] -- Found rclcpp: 16.0.17 (/opt/ros/humble/share/rclcpp/cmake)
[0.181s] -- Found rosidl_generator_c: 3.1.8 (/opt/ros/humble/share/rosidl_generator_c/cmake)
[0.181s] -- Found rosidl_adapter: 3.1.8 (/opt/ros/humble/share/rosidl_adapter/cmake)
[0.181s] -- Found rosidl_generator_cpp: 3.1.8 (/opt/ros/humble/share/rosidl_generator_cpp/cmake)
[0.181s] -- Using all available rosidl_typesupport_c: rosidl_typesupport_fastrtps_c;rosidl_typesupport_introspection_c
[0.181s] -- Using all available rosidl_typesupport_cpp: rosidl_typesupport_fastrtps_cpp;rosidl_typesupport_introspection_cpp
[0.183s] -- Found rmw_implementation_cmake: 6.1.2 (/opt/ros/humble/share/rmw_implementation_cmake/cmake)
[0.183s] -- Found rmw_fastrtps_cpp: 6.2.9 (/opt/ros/humble/share/rmw_fastrtps_cpp/cmake)
[0.259s] -- Using RMW implementation 'rmw_fastrtps_cpp' as default
[0.290s] -- Found rosidl_default_generators: 1.2.0 (/opt/ros/humble/share/rosidl_default_generators/cmake)
[0.393s] [31mCMake Error at /opt/ros/humble/share/rosidl_adapter/cmake/rosidl_adapt_interfaces.cmake:59 (message):
[0.393s]   execute_process(/home/pathfinder/anaconda3/bin/python3 -m rosidl_adapter
[0.393s]   --package-name booster_interface --arguments-file
[0.393s]   /home/pathfinder/Projects/Starkit/booster_teleop/robot_deploy_fork_ws/build/booster_interface/rosidl_adapter__arguments__booster_interface.json
[0.393s]   --output-dir
[0.393s]   /home/pathfinder/Projects/Starkit/booster_teleop/robot_deploy_fork_ws/build/booster_interface/rosidl_adapter/booster_interface
[0.393s]   --output-file
[0.394s]   /home/pathfinder/Projects/Starkit/booster_teleop/robot_deploy_fork_ws/build/booster_interface/rosidl_adapter/booster_interface.idls)
[0.394s]   returned error code 1:
[0.394s] 
[0.394s]   Traceback (most recent call last):
[0.394s] 
[0.394s]     File "<frozen runpy>", line 198, in _run_module_as_main
[0.394s]     File "<frozen runpy>", line 88, in _run_code
[0.394s]     File "/opt/ros/humble/local/lib/python3.10/dist-packages/rosidl_adapter/__main__.py", line 19, in <module>
[0.394s]       sys.exit(main())
[0.394s]                ~~~~^^
[0.394s]     File "/opt/ros/humble/local/lib/python3.10/dist-packages/rosidl_adapter/main.py", line 53, in main
[0.394s]       abs_idl_file = convert_to_idl(
[0.394s]           pathlib.Path(basepath), args.package_name,
[0.394s]           pathlib.Path(relative_path), output_dir)
[0.394s]     File "/opt/ros/humble/local/lib/python3.10/dist-packages/rosidl_adapter/__init__.py", line 18, in convert_to_idl
[0.394s]       from rosidl_adapter.msg import convert_msg_to_idl
[0.394s]     File "/opt/ros/humble/local/lib/python3.10/dist-packages/rosidl_adapter/msg/__init__.py", line 16, in <module>
[0.394s]       from rosidl_adapter.resource import expand_template
[0.394s]     File "/opt/ros/humble/local/lib/python3.10/dist-packages/rosidl_adapter/resource/__init__.py", line 19, in <module>
[0.395s]       import em
[0.395s] 
[0.395s]   ModuleNotFoundError: No module named 'em'
[0.395s] 
[0.395s] Call Stack (most recent call first):
[0.395s]   /opt/ros/humble/share/rosidl_cmake/cmake/rosidl_generate_interfaces.cmake:130 (rosidl_adapt_interfaces)
[0.395s]   CMakeLists.txt:15 (rosidl_generate_interfaces)
[0.395s] 
[0.395s] [0m
[0.395s] -- Configuring incomplete, errors occurred!
[0.395s] See also "/home/pathfinder/Projects/Starkit/booster_teleop/robot_deploy_fork_ws/build/booster_interface/CMakeFiles/CMakeOutput.log".
