[0.007s] Invoking command in '/home/pathfinder/Projects/Starkit/booster_teleop/robot_deploy_fork_ws/build/booster_controller': AMENT_PREFIX_PATH=/home/pathfinder/Projects/Starkit/booster_teleop/robot_deploy_fork_ws/install/booster_interface:${AMENT_PREFIX_PATH} CMAKE_PREFIX_PATH=/home/pathfinder/Projects/Starkit/booster_teleop/robot_deploy_fork_ws/install/booster_interface:/opt/ros/humble CONDA_PROMPT_MODIFIER=(robot_deploy) LD_LIBRARY_PATH=/home/pathfinder/Projects/Starkit/booster_teleop/robot_deploy_fork_ws/install/booster_interface/lib:${LD_LIBRARY_PATH} PYTHONPATH=/home/pathfinder/Projects/Starkit/booster_teleop/robot_deploy_fork_ws/install/booster_interface/lib/python3.10/site-packages:${PYTHONPATH} /usr/bin/cmake /home/pathfinder/Projects/Starkit/booster_teleop/robot_deploy_fork_ws/src/robot_launcher_gucci/booster_controller -DCMAKE_INSTALL_PREFIX=/home/pathfinder/Projects/Starkit/booster_teleop/robot_deploy_fork_ws/install/booster_controller
[0.052s] -- The CXX compiler identification is GNU 11.4.0
[0.056s] -- Detecting CXX compiler ABI info
[0.111s] -- Detecting CXX compiler ABI info - done
[0.118s] -- Check for working CXX compiler: /usr/bin/c++ - skipped
[0.118s] -- Detecting CXX compile features
[0.118s] -- Detecting CXX compile features - done
[0.119s] -- Found ament_cmake: 1.3.12 (/opt/ros/humble/share/ament_cmake/cmake)
[0.362s] -- Found Python3: /home/pathfinder/anaconda3/envs/robot_deploy/bin/python3 (found version "3.10.19") found components: Interpreter 
[0.418s] -- Found rclcpp: 16.0.17 (/opt/ros/humble/share/rclcpp/cmake)
[0.441s] -- Found rosidl_generator_c: 3.1.8 (/opt/ros/humble/share/rosidl_generator_c/cmake)
[0.443s] -- Found rosidl_adapter: 3.1.8 (/opt/ros/humble/share/rosidl_adapter/cmake)
[0.448s] -- Found rosidl_generator_cpp: 3.1.8 (/opt/ros/humble/share/rosidl_generator_cpp/cmake)
[0.455s] -- Using all available rosidl_typesupport_c: rosidl_typesupport_fastrtps_c;rosidl_typesupport_introspection_c
[0.463s] -- Using all available rosidl_typesupport_cpp: rosidl_typesupport_fastrtps_cpp;rosidl_typesupport_introspection_cpp
[0.487s] -- Found rmw_implementation_cmake: 6.1.2 (/opt/ros/humble/share/rmw_implementation_cmake/cmake)
[0.488s] -- Found rmw_fastrtps_cpp: 6.2.9 (/opt/ros/humble/share/rmw_fastrtps_cpp/cmake)
[0.543s] -- Found OpenSSL: /usr/lib/x86_64-linux-gnu/libcrypto.so (found version "3.0.2")  
[0.562s] -- Found FastRTPS: /opt/ros/humble/include  
[0.588s] -- Using RMW implementation 'rmw_fastrtps_cpp' as default
[0.592s] -- Looking for C++ include pthread.h
[0.649s] -- Looking for C++ include pthread.h - found
[0.649s] -- Performing Test CMAKE_HAVE_LIBC_PTHREAD
[0.708s] -- Performing Test CMAKE_HAVE_LIBC_PTHREAD - Success
[0.709s] -- Found Threads: TRUE  
[0.735s] -- Found booster_interface: 0.0.0 (/home/pathfinder/Projects/Starkit/booster_teleop/robot_deploy_fork_ws/install/booster_interface/share/booster_interface/cmake)
[0.796s] -- Configuring done
[0.800s] [33mCMake Warning at CMakeLists.txt:26 (add_executable):
[0.800s]   Cannot generate a safe runtime search path for target
[0.800s]   booster_rl_control_node because files in some directories may conflict with
[0.800s]   libraries in implicit directories:
[0.800s] 
[0.800s]     runtime library [libpython3.10.so.1.0] in /usr/lib/x86_64-linux-gnu may be hidden by files in:
[0.800s]       /home/pathfinder/anaconda3/envs/robot_deploy/lib
[0.800s] 
[0.801s]   Some of these libraries may not be found correctly.
[0.801s] 
[0.801s] [0m
[0.801s] -- Generating done
[0.803s] -- Build files have been written to: /home/pathfinder/Projects/Starkit/booster_teleop/robot_deploy_fork_ws/build/booster_controller
[0.808s] Invoked command in '/home/pathfinder/Projects/Starkit/booster_teleop/robot_deploy_fork_ws/build/booster_controller' returned '0': AMENT_PREFIX_PATH=/home/pathfinder/Projects/Starkit/booster_teleop/robot_deploy_fork_ws/install/booster_interface:${AMENT_PREFIX_PATH} CMAKE_PREFIX_PATH=/home/pathfinder/Projects/Starkit/booster_teleop/robot_deploy_fork_ws/install/booster_interface:/opt/ros/humble CONDA_PROMPT_MODIFIER=(robot_deploy) LD_LIBRARY_PATH=/home/pathfinder/Projects/Starkit/booster_teleop/robot_deploy_fork_ws/install/booster_interface/lib:${LD_LIBRARY_PATH} PYTHONPATH=/home/pathfinder/Projects/Starkit/booster_teleop/robot_deploy_fork_ws/install/booster_interface/lib/python3.10/site-packages:${PYTHONPATH} /usr/bin/cmake /home/pathfinder/Projects/Starkit/booster_teleop/robot_deploy_fork_ws/src/robot_launcher_gucci/booster_controller -DCMAKE_INSTALL_PREFIX=/home/pathfinder/Projects/Starkit/booster_teleop/robot_deploy_fork_ws/install/booster_controller
[0.809s] Invoking command in '/home/pathfinder/Projects/Starkit/booster_teleop/robot_deploy_fork_ws/build/booster_controller': AMENT_PREFIX_PATH=/home/pathfinder/Projects/Starkit/booster_teleop/robot_deploy_fork_ws/install/booster_interface:${AMENT_PREFIX_PATH} CMAKE_PREFIX_PATH=/home/pathfinder/Projects/Starkit/booster_teleop/robot_deploy_fork_ws/install/booster_interface:/opt/ros/humble CONDA_PROMPT_MODIFIER=(robot_deploy) LD_LIBRARY_PATH=/home/pathfinder/Projects/Starkit/booster_teleop/robot_deploy_fork_ws/install/booster_interface/lib:${LD_LIBRARY_PATH} PYTHONPATH=/home/pathfinder/Projects/Starkit/booster_teleop/robot_deploy_fork_ws/install/booster_interface/lib/python3.10/site-packages:${PYTHONPATH} /usr/bin/cmake --build /home/pathfinder/Projects/Starkit/booster_teleop/robot_deploy_fork_ws/build/booster_controller -- -j20 -l20
[0.841s] [ 50%] [32mBuilding CXX object CMakeFiles/booster_rl_control_node.dir/src/control_node.cpp.o[0m
[7.106s] [100%] [32m[1mLinking CXX executable booster_rl_control_node[0m
[7.430s] [100%] Built target booster_rl_control_node
[7.438s] Invoked command in '/home/pathfinder/Projects/Starkit/booster_teleop/robot_deploy_fork_ws/build/booster_controller' returned '0': AMENT_PREFIX_PATH=/home/pathfinder/Projects/Starkit/booster_teleop/robot_deploy_fork_ws/install/booster_interface:${AMENT_PREFIX_PATH} CMAKE_PREFIX_PATH=/home/pathfinder/Projects/Starkit/booster_teleop/robot_deploy_fork_ws/install/booster_interface:/opt/ros/humble CONDA_PROMPT_MODIFIER=(robot_deploy) LD_LIBRARY_PATH=/home/pathfinder/Projects/Starkit/booster_teleop/robot_deploy_fork_ws/install/booster_interface/lib:${LD_LIBRARY_PATH} PYTHONPATH=/home/pathfinder/Projects/Starkit/booster_teleop/robot_deploy_fork_ws/install/booster_interface/lib/python3.10/site-packages:${PYTHONPATH} /usr/bin/cmake --build /home/pathfinder/Projects/Starkit/booster_teleop/robot_deploy_fork_ws/build/booster_controller -- -j20 -l20
[7.439s] Invoking command in '/home/pathfinder/Projects/Starkit/booster_teleop/robot_deploy_fork_ws/build/booster_controller': AMENT_PREFIX_PATH=/home/pathfinder/Projects/Starkit/booster_teleop/robot_deploy_fork_ws/install/booster_interface:${AMENT_PREFIX_PATH} CMAKE_PREFIX_PATH=/home/pathfinder/Projects/Starkit/booster_teleop/robot_deploy_fork_ws/install/booster_interface:/opt/ros/humble CONDA_PROMPT_MODIFIER=(robot_deploy) LD_LIBRARY_PATH=/home/pathfinder/Projects/Starkit/booster_teleop/robot_deploy_fork_ws/install/booster_interface/lib:${LD_LIBRARY_PATH} PYTHONPATH=/home/pathfinder/Projects/Starkit/booster_teleop/robot_deploy_fork_ws/install/booster_interface/lib/python3.10/site-packages:${PYTHONPATH} /usr/bin/cmake --install /home/pathfinder/Projects/Starkit/booster_teleop/robot_deploy_fork_ws/build/booster_controller
[7.445s] -- Install configuration: ""
[7.445s] -- Installing: /home/pathfinder/Projects/Starkit/booster_teleop/robot_deploy_fork_ws/install/booster_controller/lib/booster_controller/booster_rl_control_node
[7.447s] -- Set runtime path of "/home/pathfinder/Projects/Starkit/booster_teleop/robot_deploy_fork_ws/install/booster_controller/lib/booster_controller/booster_rl_control_node" to ""
[7.447s] -- Installing: /home/pathfinder/Projects/Starkit/booster_teleop/robot_deploy_fork_ws/install/booster_controller/share/booster_controller/config
[7.447s] -- Installing: /home/pathfinder/Projects/Starkit/booster_teleop/robot_deploy_fork_ws/install/booster_controller/share/booster_controller/config/mimic_control.yaml
[7.447s] -- Installing: /home/pathfinder/Projects/Starkit/booster_teleop/robot_deploy_fork_ws/install/booster_controller/share/booster_controller/config/rl_control_params.yaml
[7.448s] -- Installing: /home/pathfinder/Projects/Starkit/booster_teleop/robot_deploy_fork_ws/install/booster_controller/share/ament_index/resource_index/package_run_dependencies/booster_controller
[7.448s] -- Installing: /home/pathfinder/Projects/Starkit/booster_teleop/robot_deploy_fork_ws/install/booster_controller/share/ament_index/resource_index/parent_prefix_path/booster_controller
[7.448s] -- Installing: /home/pathfinder/Projects/Starkit/booster_teleop/robot_deploy_fork_ws/install/booster_controller/share/booster_controller/environment/ament_prefix_path.sh
[7.448s] -- Installing: /home/pathfinder/Projects/Starkit/booster_teleop/robot_deploy_fork_ws/install/booster_controller/share/booster_controller/environment/ament_prefix_path.dsv
[7.448s] -- Installing: /home/pathfinder/Projects/Starkit/booster_teleop/robot_deploy_fork_ws/install/booster_controller/share/booster_controller/environment/path.sh
[7.448s] -- Installing: /home/pathfinder/Projects/Starkit/booster_teleop/robot_deploy_fork_ws/install/booster_controller/share/booster_controller/environment/path.dsv
[7.448s] -- Installing: /home/pathfinder/Projects/Starkit/booster_teleop/robot_deploy_fork_ws/install/booster_controller/share/booster_controller/local_setup.bash
[7.448s] -- Installing: /home/pathfinder/Projects/Starkit/booster_teleop/robot_deploy_fork_ws/install/booster_controller/share/booster_controller/local_setup.sh
[7.448s] -- Installing: /home/pathfinder/Projects/Starkit/booster_teleop/robot_deploy_fork_ws/install/booster_controller/share/booster_controller/local_setup.zsh
[7.448s] -- Installing: /home/pathfinder/Projects/Starkit/booster_teleop/robot_deploy_fork_ws/install/booster_controller/share/booster_controller/local_setup.dsv
[7.448s] -- Installing: /home/pathfinder/Projects/Starkit/booster_teleop/robot_deploy_fork_ws/install/booster_controller/share/booster_controller/package.dsv
[7.448s] -- Installing: /home/pathfinder/Projects/Starkit/booster_teleop/robot_deploy_fork_ws/install/booster_controller/share/ament_index/resource_index/packages/booster_controller
[7.448s] -- Installing: /home/pathfinder/Projects/Starkit/booster_teleop/robot_deploy_fork_ws/install/booster_controller/share/booster_controller/cmake/booster_controllerConfig.cmake
[7.448s] -- Installing: /home/pathfinder/Projects/Starkit/booster_teleop/robot_deploy_fork_ws/install/booster_controller/share/booster_controller/cmake/booster_controllerConfig-version.cmake
[7.448s] -- Installing: /home/pathfinder/Projects/Starkit/booster_teleop/robot_deploy_fork_ws/install/booster_controller/share/booster_controller/package.xml
[7.450s] Invoked command in '/home/pathfinder/Projects/Starkit/booster_teleop/robot_deploy_fork_ws/build/booster_controller' returned '0': AMENT_PREFIX_PATH=/home/pathfinder/Projects/Starkit/booster_teleop/robot_deploy_fork_ws/install/booster_interface:${AMENT_PREFIX_PATH} CMAKE_PREFIX_PATH=/home/pathfinder/Projects/Starkit/booster_teleop/robot_deploy_fork_ws/install/booster_interface:/opt/ros/humble CONDA_PROMPT_MODIFIER=(robot_deploy) LD_LIBRARY_PATH=/home/pathfinder/Projects/Starkit/booster_teleop/robot_deploy_fork_ws/install/booster_interface/lib:${LD_LIBRARY_PATH} PYTHONPATH=/home/pathfinder/Projects/Starkit/booster_teleop/robot_deploy_fork_ws/install/booster_interface/lib/python3.10/site-packages:${PYTHONPATH} /usr/bin/cmake --install /home/pathfinder/Projects/Starkit/booster_teleop/robot_deploy_fork_ws/build/booster_controller
